{"total": {"lines":{"total":793,"covered":451,"skipped":0,"pct":56.87},"statements":{"total":1052,"covered":533,"skipped":0,"pct":50.66},"functions":{"total":240,"covered":84,"skipped":0,"pct":35},"branches":{"total":837,"covered":328,"skipped":0,"pct":39.18},"branchesTrue":{"total":0,"covered":0,"skipped":0,"pct":100}}
,"E:\\2026\\SAAS\\gerenciador-cesta-basica\\netlify\\functions\\ai-proxy-lib.js": {"lines":{"total":55,"covered":44,"skipped":0,"pct":80},"functions":{"total":9,"covered":7,"skipped":0,"pct":77.77},"statements":{"total":75,"covered":54,"skipped":0,"pct":72},"branches":{"total":69,"covered":42,"skipped":0,"pct":60.86}}
,"E:\\2026\\SAAS\\gerenciador-cesta-basica\\src\\components\\AutocompleteInput.jsx": {"lines":{"total":34,"covered":0,"skipped":0,"pct":0},"functions":{"total":13,"covered":0,"skipped":0,"pct":0},"statements":{"total":47,"covered":0,"skipped":0,"pct":0},"branches":{"total":39,"covered":0,"skipped":0,"pct":0}}
,"E:\\2026\\SAAS\\gerenciador-cesta-basica\\src\\components\\HistoricoPanel.jsx": {"lines":{"total":23,"covered":6,"skipped":0,"pct":26.08},"functions":{"total":7,"covered":1,"skipped":0,"pct":14.28},"statements":{"total":26,"covered":7,"skipped":0,"pct":26.92},"branches":{"total":23,"covered":1,"skipped":0,"pct":4.34}}
,"E:\\2026\\SAAS\\gerenciador-cesta-basica\\src\\components\\ListVoice.jsx": {"lines":{"total":144,"covered":46,"skipped":0,"pct":31.94},"functions":{"total":63,"covered":3,"skipped":0,"pct":4.76},"statements":{"total":186,"covered":47,"skipped":0,"pct":25.26},"branches":{"total":110,"covered":18,"skipped":0,"pct":16.36}}
,"E:\\2026\\SAAS\\gerenciador-cesta-basica\\src\\components\\ModalConfirmacao.jsx": {"lines":{"total":5,"covered":4,"skipped":0,"pct":80},"functions":{"total":3,"covered":2,"skipped":0,"pct":66.66},"statements":{"total":6,"covered":5,"skipped":0,"pct":83.33},"branches":{"total":7,"covered":5,"skipped":0,"pct":71.42}}
,"E:\\2026\\SAAS\\gerenciador-cesta-basica\\src\\components\\ModalEstabelecimento.jsx": {"lines":{"total":41,"covered":9,"skipped":0,"pct":21.95},"functions":{"total":10,"covered":1,"skipped":0,"pct":10},"statements":{"total":45,"covered":10,"skipped":0,"pct":22.22},"branches":{"total":40,"covered":1,"skipped":0,"pct":2.5}}
,"E:\\2026\\SAAS\\gerenciador-cesta-basica\\src\\components\\ModalTemplates.jsx": {"lines":{"total":57,"covered":9,"skipped":0,"pct":15.78},"functions":{"total":22,"covered":2,"skipped":0,"pct":9.09},"statements":{"total":65,"covered":11,"skipped":0,"pct":16.92},"branches":{"total":52,"covered":1,"skipped":0,"pct":1.92}}
,"E:\\2026\\SAAS\\gerenciador-cesta-basica\\src\\components\\ModalTextoLivre.jsx": {"lines":{"total":11,"covered":6,"skipped":0,"pct":54.54},"functions":{"total":3,"covered":1,"skipped":0,"pct":33.33},"statements":{"total":12,"covered":7,"skipped":0,"pct":58.33},"branches":{"total":4,"covered":3,"skipped":0,"pct":75}}
,"E:\\2026\\SAAS\\gerenciador-cesta-basica\\src\\components\\NotaFiscalUpload.jsx": {"lines":{"total":34,"covered":27,"skipped":0,"pct":79.41},"functions":{"total":5,"covered":4,"skipped":0,"pct":80},"statements":{"total":41,"covered":31,"skipped":0,"pct":75.6},"branches":{"total":28,"covered":15,"skipped":0,"pct":53.57}}
,"E:\\2026\\SAAS\\gerenciador-cesta-basica\\src\\components\\VoiceFeedback.jsx": {"lines":{"total":5,"covered":5,"skipped":0,"pct":100},"functions":{"total":1,"covered":1,"skipped":0,"pct":100},"statements":{"total":6,"covered":6,"skipped":0,"pct":100},"branches":{"total":11,"covered":7,"skipped":0,"pct":63.63}}
,"E:\\2026\\SAAS\\gerenciador-cesta-basica\\src\\hooks\\useHistorico.js": {"lines":{"total":76,"covered":71,"skipped":0,"pct":93.42},"functions":{"total":24,"covered":22,"skipped":0,"pct":91.66},"statements":{"total":109,"covered":91,"skipped":0,"pct":83.48},"branches":{"total":62,"covered":32,"skipped":0,"pct":51.61}}
,"E:\\2026\\SAAS\\gerenciador-cesta-basica\\src\\hooks\\useLLMParser.js": {"lines":{"total":139,"covered":126,"skipped":0,"pct":90.64},"functions":{"total":15,"covered":15,"skipped":0,"pct":100},"statements":{"total":167,"covered":143,"skipped":0,"pct":85.62},"branches":{"total":202,"covered":137,"skipped":0,"pct":67.82}}
,"E:\\2026\\SAAS\\gerenciador-cesta-basica\\src\\hooks\\useShoppingList.js": {"lines":{"total":83,"covered":18,"skipped":0,"pct":21.68},"functions":{"total":41,"covered":7,"skipped":0,"pct":17.07},"statements":{"total":161,"covered":31,"skipped":0,"pct":19.25},"branches":{"total":118,"covered":15,"skipped":0,"pct":12.71}}
,"E:\\2026\\SAAS\\gerenciador-cesta-basica\\src\\hooks\\useTemplates.js": {"lines":{"total":40,"covered":37,"skipped":0,"pct":92.5},"functions":{"total":11,"covered":10,"skipped":0,"pct":90.9},"statements":{"total":44,"covered":41,"skipped":0,"pct":93.18},"branches":{"total":20,"covered":15,"skipped":0,"pct":75}}
,"E:\\2026\\SAAS\\gerenciador-cesta-basica\\src\\hooks\\useTheme.js": {"lines":{"total":12,"covered":9,"skipped":0,"pct":75},"functions":{"total":5,"covered":2,"skipped":0,"pct":40},"statements":{"total":14,"covered":9,"skipped":0,"pct":64.28},"branches":{"total":4,"covered":1,"skipped":0,"pct":25}}
,"E:\\2026\\SAAS\\gerenciador-cesta-basica\\src\\utils\\normalizeProduct.js": {"lines":{"total":20,"covered":20,"skipped":0,"pct":100},"functions":{"total":4,"covered":4,"skipped":0,"pct":100},"statements":{"total":30,"covered":26,"skipped":0,"pct":86.66},"branches":{"total":27,"covered":19,"skipped":0,"pct":70.37}}
,"E:\\2026\\SAAS\\gerenciador-cesta-basica\\src\\utils\\ocrClient.js": {"lines":{"total":14,"covered":14,"skipped":0,"pct":100},"functions":{"total":4,"covered":2,"skipped":0,"pct":50},"statements":{"total":18,"covered":14,"skipped":0,"pct":77.77},"branches":{"total":21,"covered":16,"skipped":0,"pct":76.19}}
}
