TN:
SF:netlify\functions\ai-proxy-lib.js
FN:4,(anonymous_0)
FN:27,(anonymous_1)
FN:31,(anonymous_2)
FN:31,(anonymous_3)
FN:37,(anonymous_4)
FN:38,(anonymous_5)
FN:52,(anonymous_6)
FN:52,(anonymous_7)
FN:67,(anonymous_8)
FNF:9
FNH:7
FNDA:4,(anonymous_0)
FNDA:4,(anonymous_1)
FNDA:68,(anonymous_2)
FNDA:68,(anonymous_3)
FNDA:67,(anonymous_4)
FNDA:328,(anonymous_5)
FNDA:6,(anonymous_6)
FNDA:0,(anonymous_7)
FNDA:0,(anonymous_8)
DA:2,3
DA:4,3
DA:5,4
DA:21,4
DA:22,4
DA:23,4
DA:27,3
DA:28,4
DA:29,4
DA:30,4
DA:31,68
DA:33,4
DA:34,4
DA:35,4
DA:37,4
DA:38,328
DA:39,65
DA:40,1
DA:41,1
DA:44,4
DA:45,4
DA:46,4
DA:47,4
DA:48,4
DA:50,3
DA:52,3
DA:53,6
DA:54,5
DA:55,2
DA:56,2
DA:59,5
DA:60,2
DA:61,2
DA:62,2
DA:63,1
DA:67,3
DA:69,3
DA:71,3
DA:73,2
DA:75,2
DA:76,2
DA:77,2
DA:78,2
DA:79,1
DA:82,0
DA:84,0
DA:89,0
DA:90,0
DA:91,0
DA:92,0
DA:93,0
DA:96,0
DA:100,0
DA:101,0
DA:102,0
LF:55
LH:44
BRDA:9,0,0,4
BRDA:9,0,1,0
BRDA:21,1,0,0
BRDA:21,1,1,4
BRDA:27,2,0,0
BRDA:28,3,0,0
BRDA:28,3,1,4
BRDA:28,4,0,4
BRDA:28,4,1,4
BRDA:29,5,0,4
BRDA:29,5,1,0
BRDA:30,6,0,4
BRDA:30,6,1,0
BRDA:31,7,0,68
BRDA:31,7,1,67
BRDA:38,8,0,2
BRDA:38,8,1,65
BRDA:39,9,0,64
BRDA:39,9,1,1
BRDA:39,10,0,65
BRDA:39,10,1,1
BRDA:39,10,2,1
BRDA:40,11,0,0
BRDA:40,11,1,1
BRDA:40,12,0,1
BRDA:40,12,1,0
BRDA:47,13,0,1
BRDA:47,13,1,3
BRDA:52,14,0,0
BRDA:52,15,0,0
BRDA:52,16,0,0
BRDA:53,17,0,1
BRDA:53,17,1,5
BRDA:54,18,0,2
BRDA:54,18,1,3
BRDA:55,19,0,0
BRDA:55,19,1,2
BRDA:55,20,0,2
BRDA:55,20,1,2
BRDA:55,20,2,2
BRDA:56,21,0,0
BRDA:56,21,1,2
BRDA:59,22,0,2
BRDA:59,22,1,3
BRDA:62,23,0,1
BRDA:62,23,1,1
BRDA:67,24,0,3
BRDA:67,24,1,0
BRDA:69,25,0,3
BRDA:69,25,1,0
BRDA:71,26,0,1
BRDA:71,26,1,2
BRDA:71,27,0,3
BRDA:71,27,1,3
BRDA:73,28,0,2
BRDA:73,28,1,0
BRDA:78,29,0,1
BRDA:78,29,1,1
BRDA:82,30,0,0
BRDA:82,30,1,0
BRDA:89,31,0,0
BRDA:89,31,1,0
BRDA:91,32,0,0
BRDA:91,32,1,0
BRDA:91,32,2,0
BRDA:92,33,0,0
BRDA:92,33,1,0
BRDA:101,34,0,0
BRDA:101,34,1,0
BRF:69
BRH:42
end_of_record
TN:
SF:src\useLLMParser.js
FNF:0
FNH:0
LF:0
LH:0
BRF:0
BRH:0
end_of_record
TN:
SF:src\components\AutocompleteInput.jsx
FN:4,AutocompleteInput
FN:12,(anonymous_1)
FN:14,(anonymous_2)
FN:15,(anonymous_3)
FN:17,(anonymous_4)
FN:20,(anonymous_5)
FN:22,(anonymous_6)
FN:35,(anonymous_7)
FN:38,(anonymous_8)
FN:43,(anonymous_9)
FN:53,(anonymous_10)
FN:61,(anonymous_11)
FN:67,(anonymous_12)
FNF:13
FNH:0
FNDA:0,AutocompleteInput
FNDA:0,(anonymous_1)
FNDA:0,(anonymous_2)
FNDA:0,(anonymous_3)
FNDA:0,(anonymous_4)
FNDA:0,(anonymous_5)
FNDA:0,(anonymous_6)
FNDA:0,(anonymous_7)
FNDA:0,(anonymous_8)
FNDA:0,(anonymous_9)
FNDA:0,(anonymous_10)
FNDA:0,(anonymous_11)
FNDA:0,(anonymous_12)
DA:5,0
DA:6,0
DA:7,0
DA:8,0
DA:9,0
DA:10,0
DA:12,0
DA:14,0
DA:15,0
DA:16,0
DA:17,0
DA:20,0
DA:21,0
DA:22,0
DA:23,0
DA:24,0
DA:25,0
DA:26,0
DA:27,0
DA:28,0
DA:29,0
DA:31,0
DA:32,0
DA:35,0
DA:38,0
DA:39,0
DA:40,0
DA:43,0
DA:44,0
DA:45,0
DA:48,0
DA:53,0
DA:62,0
DA:67,0
LF:34
LH:0
BRDA:6,0,0,0
BRDA:6,0,1,0
BRDA:12,1,0,0
BRDA:12,1,1,0
BRDA:15,2,0,0
BRDA:15,2,1,0
BRDA:15,3,0,0
BRDA:15,3,1,0
BRDA:21,4,0,0
BRDA:21,4,1,0
BRDA:23,5,0,0
BRDA:23,5,1,0
BRDA:24,6,0,0
BRDA:24,6,1,0
BRDA:27,7,0,0
BRDA:27,7,1,0
BRDA:35,8,0,0
BRDA:35,8,1,0
BRDA:40,9,0,0
BRDA:40,9,1,0
BRDA:44,10,0,0
BRDA:44,10,1,0
BRDA:44,11,0,0
BRDA:44,11,1,0
BRDA:45,12,0,0
BRDA:45,12,1,0
BRDA:53,13,0,0
BRDA:53,13,1,0
BRDA:56,14,0,0
BRDA:56,14,1,0
BRDA:59,15,0,0
BRDA:59,15,1,0
BRDA:59,15,2,0
BRDA:69,16,0,0
BRDA:69,16,1,0
BRDA:71,17,0,0
BRDA:71,17,1,0
BRDA:72,18,0,0
BRDA:72,18,1,0
BRF:39
BRH:0
end_of_record
TN:
SF:src\components\ChipSugestao.jsx
FN:20,(anonymous_0)
FN:31,(anonymous_1)
FN:49,(anonymous_2)
FN:61,(anonymous_3)
FN:66,(anonymous_4)
FN:71,(anonymous_5)
FN:75,(anonymous_6)
FN:78,(anonymous_7)
FN:80,(anonymous_8)
FN:83,(anonymous_9)
FN:86,(anonymous_10)
FN:89,(anonymous_11)
FN:92,(anonymous_12)
FNF:13
FNH:0
FNDA:0,(anonymous_0)
FNDA:0,(anonymous_1)
FNDA:0,(anonymous_2)
FNDA:0,(anonymous_3)
FNDA:0,(anonymous_4)
FNDA:0,(anonymous_5)
FNDA:0,(anonymous_6)
FNDA:0,(anonymous_7)
FNDA:0,(anonymous_8)
FNDA:0,(anonymous_9)
FNDA:0,(anonymous_10)
FNDA:0,(anonymous_11)
FNDA:0,(anonymous_12)
DA:4,1
DA:20,1
DA:21,0
DA:31,1
DA:32,0
DA:35,0
DA:38,0
DA:39,0
DA:40,0
DA:41,0
DA:42,0
DA:47,0
DA:49,0
DA:50,0
DA:61,1
DA:62,0
DA:63,0
DA:64,0
DA:66,0
DA:67,0
DA:68,0
DA:69,0
DA:71,0
DA:72,0
DA:75,0
DA:78,0
DA:79,0
DA:80,0
DA:83,0
DA:84,0
DA:85,0
DA:86,0
DA:89,0
DA:90,0
DA:91,0
DA:92,0
DA:95,0
DA:97,0
LF:38
LH:4
BRDA:21,0,0,0
BRDA:21,0,1,0
BRDA:31,1,0,0
BRDA:35,2,0,0
BRDA:35,2,1,0
BRDA:38,3,0,0
BRDA:38,3,1,0
BRDA:40,4,0,0
BRDA:40,4,1,0
BRDA:40,5,0,0
BRDA:40,5,1,0
BRDA:47,6,0,0
BRDA:47,6,1,0
BRDA:50,7,0,0
BRDA:50,7,1,0
BRDA:67,8,0,0
BRDA:67,8,1,0
BRDA:95,9,0,0
BRDA:95,9,1,0
BRDA:95,10,0,0
BRDA:95,10,1,0
BRDA:98,11,0,0
BRDA:98,11,1,0
BRF:23
BRH:0
end_of_record
TN:
SF:src\components\HistoricoPanel.jsx
FN:4,(anonymous_0)
FN:16,HistoricoPanel
FN:21,(anonymous_2)
FN:25,(anonymous_3)
FN:48,(anonymous_4)
FN:73,(anonymous_5)
FN:76,(anonymous_6)
FNF:7
FNH:1
FNDA:0,(anonymous_0)
FNDA:3,HistoricoPanel
FNDA:0,(anonymous_2)
FNDA:0,(anonymous_3)
FNDA:0,(anonymous_4)
FNDA:0,(anonymous_5)
FNDA:0,(anonymous_6)
DA:4,1
DA:5,0
DA:6,0
DA:7,0
DA:8,0
DA:9,0
DA:10,0
DA:11,0
DA:12,0
DA:13,0
DA:17,3
DA:18,3
DA:19,3
DA:21,3
DA:23,3
DA:25,0
DA:26,0
DA:27,0
DA:28,0
DA:32,0
DA:49,0
DA:73,0
DA:76,0
LF:23
LH:6
BRDA:21,0,0,0
BRDA:21,0,1,0
BRDA:23,1,0,3
BRDA:23,1,1,0
BRDA:26,2,0,0
BRDA:26,2,1,0
BRDA:44,3,0,0
BRDA:44,3,1,0
BRDA:54,4,0,0
BRDA:54,4,1,0
BRDA:56,5,0,0
BRDA:56,5,1,0
BRDA:58,6,0,0
BRDA:58,6,1,0
BRDA:60,7,0,0
BRDA:60,7,1,0
BRDA:60,8,0,0
BRDA:60,8,1,0
BRDA:65,9,0,0
BRDA:65,9,1,0
BRDA:65,9,2,0
BRDA:67,10,0,0
BRDA:67,10,1,0
BRF:23
BRH:1
end_of_record
TN:
SF:src\components\ListVoice.jsx
FN:26,(anonymous_0)
FN:27,(anonymous_1)
FN:32,(anonymous_2)
FN:37,(anonymous_3)
FN:38,(anonymous_4)
FN:63,(anonymous_5)
FN:64,(anonymous_6)
FN:65,(anonymous_7)
FN:66,(anonymous_8)
FN:67,(anonymous_9)
FN:68,(anonymous_10)
FN:69,(anonymous_11)
FN:75,(anonymous_12)
FN:92,(anonymous_13)
FN:99,(anonymous_14)
FN:103,(anonymous_15)
FN:135,(anonymous_16)
FN:140,(anonymous_17)
FN:187,(anonymous_18)
FN:188,(anonymous_19)
FN:189,(anonymous_20)
FN:192,(anonymous_21)
FN:198,(anonymous_22)
FN:199,(anonymous_23)
FN:201,(anonymous_24)
FN:207,(anonymous_25)
FN:209,(anonymous_26)
FN:211,(anonymous_27)
FN:214,(anonymous_28)
FN:221,(anonymous_29)
FN:237,(anonymous_30)
FN:252,(anonymous_31)
FN:254,(anonymous_32)
FN:257,(anonymous_33)
FN:264,(anonymous_34)
FN:271,(anonymous_35)
FN:271,(anonymous_36)
FN:280,(anonymous_37)
FN:280,(anonymous_38)
FN:293,(anonymous_39)
FN:301,(anonymous_40)
FN:306,(anonymous_41)
FN:309,(anonymous_42)
FN:315,(anonymous_43)
FN:315,(anonymous_44)
FN:322,(anonymous_45)
FN:344,(anonymous_46)
FN:345,(anonymous_47)
FN:363,(anonymous_48)
FN:371,(anonymous_49)
FN:377,(anonymous_50)
FN:378,(anonymous_51)
FN:383,(anonymous_52)
FN:384,(anonymous_53)
FN:385,(anonymous_54)
FN:386,(anonymous_55)
FN:388,(anonymous_56)
FN:403,(anonymous_57)
FN:405,(anonymous_58)
FN:406,(anonymous_59)
FN:412,(anonymous_60)
FN:419,(anonymous_61)
FN:432,(anonymous_62)
FN:432,(anonymous_63)
FN:433,(anonymous_64)
FN:436,(anonymous_65)
FN:437,(anonymous_66)
FN:441,(anonymous_67)
FN:445,(anonymous_68)
FN:446,(anonymous_69)
FN:446,(anonymous_70)
FN:449,(anonymous_71)
FN:459,(anonymous_72)
FN:464,(anonymous_73)
FN:465,(anonymous_74)
FN:473,(anonymous_75)
FN:478,(anonymous_76)
FN:480,(anonymous_77)
FN:481,(anonymous_78)
FN:484,(anonymous_79)
FN:490,(anonymous_80)
FN:495,(anonymous_81)
FN:519,(anonymous_82)
FN:527,(anonymous_83)
FN:529,(anonymous_84)
FN:536,(anonymous_85)
FN:545,(anonymous_86)
FN:547,(anonymous_87)
FN:559,(anonymous_88)
FN:568,(anonymous_89)
FN:577,(anonymous_90)
FN:582,(anonymous_91)
FN:583,(anonymous_92)
FN:591,(anonymous_93)
FN:596,(anonymous_94)
FN:597,(anonymous_95)
FN:598,(anonymous_96)
FN:606,(anonymous_97)
FN:610,(anonymous_98)
FN:611,(anonymous_99)
FN:615,(anonymous_100)
FN:618,(anonymous_101)
FN:619,(anonymous_102)
FN:621,(anonymous_103)
FN:624,(anonymous_104)
FN:625,(anonymous_105)
FN:626,(anonymous_106)
FN:631,(anonymous_107)
FN:632,(anonymous_108)
FN:638,(anonymous_109)
FN:640,(anonymous_110)
FN:641,(anonymous_111)
FN:646,(anonymous_112)
FN:648,(anonymous_113)
FN:649,(anonymous_114)
FN:653,(anonymous_115)
FN:664,(anonymous_116)
FN:671,(anonymous_117)
FN:675,(anonymous_118)
FN:681,(anonymous_119)
FN:701,(anonymous_120)
FN:716,(anonymous_121)
FN:719,(anonymous_122)
FN:721,(anonymous_123)
FN:722,(anonymous_124)
FN:731,(anonymous_125)
FN:742,(anonymous_126)
FN:744,(anonymous_127)
FN:771,(anonymous_128)
FN:782,(anonymous_129)
FN:792,(anonymous_130)
FN:793,(anonymous_131)
FN:797,(anonymous_132)
FN:799,(anonymous_133)
FN:809,(anonymous_134)
FN:818,(anonymous_135)
FN:836,(anonymous_136)
FN:840,(anonymous_137)
FN:844,(anonymous_138)
FN:848,(anonymous_139)
FN:852,(anonymous_140)
FN:858,(anonymous_141)
FN:862,(anonymous_142)
FN:866,(anonymous_143)
FN:872,(anonymous_144)
FN:876,(anonymous_145)
FN:876,(anonymous_146)
FN:890,(anonymous_147)
FN:894,(anonymous_148)
FN:903,(anonymous_149)
FN:910,(anonymous_150)
FN:919,(anonymous_151)
FN:925,(anonymous_152)
FN:936,(anonymous_153)
FN:945,(anonymous_154)
FN:948,(anonymous_155)
FN:970,(anonymous_156)
FN:981,(anonymous_157)
FN:985,(anonymous_158)
FN:989,(anonymous_159)
FN:993,(anonymous_160)
FN:997,(anonymous_161)
FN:1003,(anonymous_162)
FN:1007,(anonymous_163)
FN:1020,(anonymous_164)
FN:1022,(anonymous_165)
FN:1023,(anonymous_166)
FN:1025,(anonymous_167)
FN:1032,(anonymous_168)
FN:1049,(anonymous_169)
FN:1053,(anonymous_170)
FN:1085,(anonymous_171)
FN:1094,(anonymous_172)
FN:1106,(anonymous_173)
FN:1113,(anonymous_174)
FN:1134,(anonymous_175)
FN:1140,(anonymous_176)
FN:1147,(anonymous_177)
FN:1184,(anonymous_178)
FN:1193,(anonymous_179)
FN:1199,(anonymous_180)
FN:1214,(anonymous_181)
FN:1216,(anonymous_182)
FN:1220,(anonymous_183)
FN:1245,(anonymous_184)
FN:1255,(anonymous_185)
FN:1258,(anonymous_186)
FN:1290,(anonymous_187)
FN:1291,(anonymous_188)
FN:1299,(anonymous_189)
FN:1300,(anonymous_190)
FN:1301,(anonymous_191)
FN:1332,(anonymous_192)
FN:1339,(anonymous_193)
FN:1370,(anonymous_194)
FN:1371,(anonymous_195)
FN:1379,(anonymous_196)
FN:1391,(anonymous_197)
FN:1403,(anonymous_198)
FN:1424,(anonymous_199)
FN:1429,(anonymous_200)
FN:1450,(anonymous_201)
FN:1454,(anonymous_202)
FN:1457,(anonymous_203)
FN:1458,(anonymous_204)
FN:1462,(anonymous_205)
FN:1468,(anonymous_206)
FN:1469,(anonymous_207)
FN:1474,(anonymous_208)
FN:1487,(anonymous_209)
FN:1507,(anonymous_210)
FN:1527,(anonymous_211)
FN:1546,(anonymous_212)
FN:1555,(anonymous_213)
FN:1563,(anonymous_214)
FN:1576,(anonymous_215)
FN:1596,(anonymous_216)
FN:1596,(anonymous_217)
FN:1597,(anonymous_218)
FN:1598,(anonymous_219)
FN:1598,(anonymous_220)
FN:1616,(anonymous_221)
FN:1639,(anonymous_222)
FN:1641,(anonymous_223)
FN:1646,(anonymous_224)
FN:1662,(anonymous_225)
FN:1675,(anonymous_226)
FN:1694,(anonymous_227)
FN:1711,(anonymous_228)
FN:1730,(anonymous_229)
FN:1739,(anonymous_230)
FN:1747,(anonymous_231)
FN:1760,(anonymous_232)
FN:1781,(anonymous_233)
FN:1781,(anonymous_234)
FN:1782,(anonymous_235)
FN:1783,(anonymous_236)
FN:1783,(anonymous_237)
FN:1802,(anonymous_238)
FN:1835,(anonymous_239)
FN:1843,(anonymous_240)
FN:1844,(anonymous_241)
FN:1863,(anonymous_242)
FN:1871,(anonymous_243)
FN:1883,(anonymous_244)
FN:1887,(anonymous_245)
FN:1904,(anonymous_246)
FN:1934,(anonymous_247)
FN:1942,(anonymous_248)
FN:1950,(anonymous_249)
FN:1961,(anonymous_250)
FN:1969,(anonymous_251)
FN:1984,(anonymous_252)
FN:1990,(anonymous_253)
FN:1995,(anonymous_254)
FN:2024,(anonymous_255)
FN:2038,(anonymous_256)
FN:2039,(anonymous_257)
FN:2050,(anonymous_258)
FN:2054,(anonymous_259)
FN:2065,(anonymous_260)
FN:2082,(anonymous_261)
FN:2090,(anonymous_262)
FN:2091,(anonymous_263)
FN:2092,(anonymous_264)
FN:2097,(anonymous_265)
FN:2098,(anonymous_266)
FN:2107,(anonymous_267)
FN:2108,(anonymous_268)
FN:2120,(anonymous_269)
FN:2133,(anonymous_270)
FN:2134,(anonymous_271)
FN:2146,(anonymous_272)
FN:2161,(anonymous_273)
FN:2165,(anonymous_274)
FNF:275
FNH:46
FNDA:0,(anonymous_0)
FNDA:0,(anonymous_1)
FNDA:0,(anonymous_2)
FNDA:0,(anonymous_3)
FNDA:0,(anonymous_4)
FNDA:0,(anonymous_5)
FNDA:2,(anonymous_6)
FNDA:0,(anonymous_7)
FNDA:2,(anonymous_8)
FNDA:2,(anonymous_9)
FNDA:0,(anonymous_10)
FNDA:2,(anonymous_11)
FNDA:0,(anonymous_12)
FNDA:9,(anonymous_13)
FNDA:0,(anonymous_14)
FNDA:10,(anonymous_15)
FNDA:9,(anonymous_16)
FNDA:6,(anonymous_17)
FNDA:9,(anonymous_18)
FNDA:6,(anonymous_19)
FNDA:0,(anonymous_20)
FNDA:6,(anonymous_21)
FNDA:6,(anonymous_22)
FNDA:0,(anonymous_23)
FNDA:6,(anonymous_24)
FNDA:6,(anonymous_25)
FNDA:0,(anonymous_26)
FNDA:0,(anonymous_27)
FNDA:0,(anonymous_28)
FNDA:0,(anonymous_29)
FNDA:9,(anonymous_30)
FNDA:0,(anonymous_31)
FNDA:0,(anonymous_32)
FNDA:8,(anonymous_33)
FNDA:0,(anonymous_34)
FNDA:0,(anonymous_35)
FNDA:0,(anonymous_36)
FNDA:0,(anonymous_37)
FNDA:0,(anonymous_38)
FNDA:0,(anonymous_39)
FNDA:0,(anonymous_40)
FNDA:1,(anonymous_41)
FNDA:1,(anonymous_42)
FNDA:0,(anonymous_43)
FNDA:0,(anonymous_44)
FNDA:1,(anonymous_45)
FNDA:1,(anonymous_46)
FNDA:0,(anonymous_47)
FNDA:0,(anonymous_48)
FNDA:6,(anonymous_49)
FNDA:0,(anonymous_50)
FNDA:0,(anonymous_51)
FNDA:0,(anonymous_52)
FNDA:0,(anonymous_53)
FNDA:0,(anonymous_54)
FNDA:0,(anonymous_55)
FNDA:0,(anonymous_56)
FNDA:0,(anonymous_57)
FNDA:0,(anonymous_58)
FNDA:0,(anonymous_59)
FNDA:6,(anonymous_60)
FNDA:0,(anonymous_61)
FNDA:0,(anonymous_62)
FNDA:0,(anonymous_63)
FNDA:0,(anonymous_64)
FNDA:0,(anonymous_65)
FNDA:0,(anonymous_66)
FNDA:0,(anonymous_67)
FNDA:0,(anonymous_68)
FNDA:0,(anonymous_69)
FNDA:0,(anonymous_70)
FNDA:0,(anonymous_71)
FNDA:0,(anonymous_72)
FNDA:6,(anonymous_73)
FNDA:0,(anonymous_74)
FNDA:6,(anonymous_75)
FNDA:10,(anonymous_76)
FNDA:12,(anonymous_77)
FNDA:12,(anonymous_78)
FNDA:0,(anonymous_79)
FNDA:0,(anonymous_80)
FNDA:0,(anonymous_81)
FNDA:0,(anonymous_82)
FNDA:0,(anonymous_83)
FNDA:0,(anonymous_84)
FNDA:0,(anonymous_85)
FNDA:0,(anonymous_86)
FNDA:0,(anonymous_87)
FNDA:0,(anonymous_88)
FNDA:0,(anonymous_89)
FNDA:0,(anonymous_90)
FNDA:0,(anonymous_91)
FNDA:0,(anonymous_92)
FNDA:0,(anonymous_93)
FNDA:0,(anonymous_94)
FNDA:0,(anonymous_95)
FNDA:0,(anonymous_96)
FNDA:0,(anonymous_97)
FNDA:0,(anonymous_98)
FNDA:0,(anonymous_99)
FNDA:0,(anonymous_100)
FNDA:0,(anonymous_101)
FNDA:0,(anonymous_102)
FNDA:0,(anonymous_103)
FNDA:0,(anonymous_104)
FNDA:0,(anonymous_105)
FNDA:0,(anonymous_106)
FNDA:0,(anonymous_107)
FNDA:0,(anonymous_108)
FNDA:0,(anonymous_109)
FNDA:0,(anonymous_110)
FNDA:0,(anonymous_111)
FNDA:0,(anonymous_112)
FNDA:0,(anonymous_113)
FNDA:0,(anonymous_114)
FNDA:0,(anonymous_115)
FNDA:0,(anonymous_116)
FNDA:0,(anonymous_117)
FNDA:0,(anonymous_118)
FNDA:0,(anonymous_119)
FNDA:0,(anonymous_120)
FNDA:0,(anonymous_121)
FNDA:0,(anonymous_122)
FNDA:0,(anonymous_123)
FNDA:0,(anonymous_124)
FNDA:0,(anonymous_125)
FNDA:0,(anonymous_126)
FNDA:0,(anonymous_127)
FNDA:0,(anonymous_128)
FNDA:0,(anonymous_129)
FNDA:0,(anonymous_130)
FNDA:0,(anonymous_131)
FNDA:10,(anonymous_132)
FNDA:10,(anonymous_133)
FNDA:0,(anonymous_134)
FNDA:0,(anonymous_135)
FNDA:0,(anonymous_136)
FNDA:0,(anonymous_137)
FNDA:0,(anonymous_138)
FNDA:0,(anonymous_139)
FNDA:0,(anonymous_140)
FNDA:0,(anonymous_141)
FNDA:0,(anonymous_142)
FNDA:0,(anonymous_143)
FNDA:0,(anonymous_144)
FNDA:0,(anonymous_145)
FNDA:0,(anonymous_146)
FNDA:0,(anonymous_147)
FNDA:0,(anonymous_148)
FNDA:0,(anonymous_149)
FNDA:0,(anonymous_150)
FNDA:0,(anonymous_151)
FNDA:0,(anonymous_152)
FNDA:0,(anonymous_153)
FNDA:0,(anonymous_154)
FNDA:0,(anonymous_155)
FNDA:0,(anonymous_156)
FNDA:0,(anonymous_157)
FNDA:0,(anonymous_158)
FNDA:0,(anonymous_159)
FNDA:0,(anonymous_160)
FNDA:0,(anonymous_161)
FNDA:0,(anonymous_162)
FNDA:0,(anonymous_163)
FNDA:2,(anonymous_164)
FNDA:12,(anonymous_165)
FNDA:24,(anonymous_166)
FNDA:90,(anonymous_167)
FNDA:2,(anonymous_168)
FNDA:0,(anonymous_169)
FNDA:0,(anonymous_170)
FNDA:0,(anonymous_171)
FNDA:0,(anonymous_172)
FNDA:8,(anonymous_173)
FNDA:0,(anonymous_174)
FNDA:0,(anonymous_175)
FNDA:0,(anonymous_176)
FNDA:0,(anonymous_177)
FNDA:0,(anonymous_178)
FNDA:0,(anonymous_179)
FNDA:0,(anonymous_180)
FNDA:0,(anonymous_181)
FNDA:0,(anonymous_182)
FNDA:0,(anonymous_183)
FNDA:0,(anonymous_184)
FNDA:0,(anonymous_185)
FNDA:0,(anonymous_186)
FNDA:0,(anonymous_187)
FNDA:0,(anonymous_188)
FNDA:0,(anonymous_189)
FNDA:0,(anonymous_190)
FNDA:0,(anonymous_191)
FNDA:0,(anonymous_192)
FNDA:0,(anonymous_193)
FNDA:0,(anonymous_194)
FNDA:0,(anonymous_195)
FNDA:0,(anonymous_196)
FNDA:0,(anonymous_197)
FNDA:0,(anonymous_198)
FNDA:0,(anonymous_199)
FNDA:0,(anonymous_200)
FNDA:8,(anonymous_201)
FNDA:0,(anonymous_202)
FNDA:10,(anonymous_203)
FNDA:10,(anonymous_204)
FNDA:0,(anonymous_205)
FNDA:8,(anonymous_206)
FNDA:4,(anonymous_207)
FNDA:10,(anonymous_208)
FNDA:6,(anonymous_209)
FNDA:1,(anonymous_210)
FNDA:0,(anonymous_211)
FNDA:0,(anonymous_212)
FNDA:0,(anonymous_213)
FNDA:0,(anonymous_214)
FNDA:0,(anonymous_215)
FNDA:0,(anonymous_216)
FNDA:0,(anonymous_217)
FNDA:0,(anonymous_218)
FNDA:0,(anonymous_219)
FNDA:0,(anonymous_220)
FNDA:0,(anonymous_221)
FNDA:0,(anonymous_222)
FNDA:0,(anonymous_223)
FNDA:0,(anonymous_224)
FNDA:0,(anonymous_225)
FNDA:4,(anonymous_226)
FNDA:0,(anonymous_227)
FNDA:0,(anonymous_228)
FNDA:0,(anonymous_229)
FNDA:0,(anonymous_230)
FNDA:0,(anonymous_231)
FNDA:0,(anonymous_232)
FNDA:0,(anonymous_233)
FNDA:0,(anonymous_234)
FNDA:0,(anonymous_235)
FNDA:0,(anonymous_236)
FNDA:0,(anonymous_237)
FNDA:0,(anonymous_238)
FNDA:8,(anonymous_239)
FNDA:0,(anonymous_240)
FNDA:0,(anonymous_241)
FNDA:0,(anonymous_242)
FNDA:0,(anonymous_243)
FNDA:0,(anonymous_244)
FNDA:0,(anonymous_245)
FNDA:10,(anonymous_246)
FNDA:0,(anonymous_247)
FNDA:0,(anonymous_248)
FNDA:0,(anonymous_249)
FNDA:0,(anonymous_250)
FNDA:0,(anonymous_251)
FNDA:0,(anonymous_252)
FNDA:0,(anonymous_253)
FNDA:0,(anonymous_254)
FNDA:0,(anonymous_255)
FNDA:0,(anonymous_256)
FNDA:0,(anonymous_257)
FNDA:0,(anonymous_258)
FNDA:0,(anonymous_259)
FNDA:0,(anonymous_260)
FNDA:0,(anonymous_261)
FNDA:0,(anonymous_262)
FNDA:0,(anonymous_263)
FNDA:0,(anonymous_264)
FNDA:0,(anonymous_265)
FNDA:0,(anonymous_266)
FNDA:0,(anonymous_267)
FNDA:0,(anonymous_268)
FNDA:0,(anonymous_269)
FNDA:0,(anonymous_270)
FNDA:0,(anonymous_271)
FNDA:0,(anonymous_272)
FNDA:0,(anonymous_273)
FNDA:0,(anonymous_274)
DA:23,2
DA:26,2
DA:27,0
DA:28,0
DA:29,0
DA:30,0
DA:32,0
DA:33,0
DA:37,2
DA:38,0
DA:39,0
DA:40,0
DA:42,0
DA:43,0
DA:45,0
DA:46,0
DA:47,0
DA:48,0
DA:49,0
DA:50,0
DA:52,0
DA:53,0
DA:54,0
DA:56,0
DA:58,0
DA:62,2
DA:63,0
DA:64,2
DA:65,0
DA:66,2
DA:67,2
DA:68,0
DA:69,2
DA:72,2
DA:73,2
DA:75,2
DA:76,0
DA:77,0
DA:78,0
DA:88,0
DA:92,2
DA:93,9
DA:94,9
DA:95,9
DA:96,0
DA:99,2
DA:100,0
DA:103,2
DA:104,10
DA:105,10
DA:106,10
DA:130,10
DA:132,10
DA:135,10
DA:136,10
DA:137,10
DA:139,10
DA:140,10
DA:141,6
DA:142,6
DA:143,6
DA:144,6
DA:145,6
DA:149,10
DA:150,10
DA:151,10
DA:152,10
DA:153,10
DA:154,10
DA:155,10
DA:156,10
DA:157,10
DA:158,10
DA:159,10
DA:160,10
DA:161,10
DA:162,10
DA:163,10
DA:164,10
DA:165,10
DA:166,10
DA:169,10
DA:170,10
DA:173,10
DA:174,10
DA:175,10
DA:176,10
DA:177,10
DA:178,10
DA:179,10
DA:180,10
DA:181,10
DA:183,10
DA:184,10
DA:187,10
DA:188,10
DA:189,6
DA:190,6
DA:191,6
DA:192,6
DA:196,10
DA:197,10
DA:198,10
DA:199,6
DA:200,6
DA:201,6
DA:205,10
DA:206,10
DA:207,10
DA:208,6
DA:209,0
DA:210,0
DA:211,0
DA:212,0
DA:213,0
DA:214,0
DA:215,0
DA:216,0
DA:226,10
DA:229,10
DA:230,10
DA:231,10
DA:234,10
DA:237,10
DA:238,9
DA:242,10
DA:243,10
DA:244,10
DA:245,10
DA:247,10
DA:248,10
DA:251,10
DA:252,10
DA:253,0
DA:254,0
DA:257,10
DA:258,8
DA:264,0
DA:271,0
DA:280,0
DA:290,10
DA:291,10
DA:293,10
DA:294,0
DA:296,0
DA:297,0
DA:298,0
DA:300,0
DA:301,0
DA:302,0
DA:306,10
DA:307,1
DA:309,1
DA:310,1
DA:311,1
DA:312,1
DA:315,1
DA:317,1
DA:318,0
DA:322,10
DA:323,1
DA:324,1
DA:325,1
DA:326,1
DA:327,1
DA:328,1
DA:329,1
DA:330,1
DA:331,1
DA:332,1
DA:333,1
DA:334,1
DA:335,1
DA:336,1
DA:337,1
DA:338,1
DA:341,1
DA:344,1
DA:345,0
DA:347,0
DA:348,0
DA:349,0
DA:350,0
DA:353,0
DA:354,0
DA:359,0
DA:360,0
DA:363,0
DA:364,0
DA:365,0
DA:367,0
DA:371,10
DA:372,6
DA:373,6
DA:377,10
DA:378,10
DA:379,0
DA:380,0
DA:381,0
DA:383,10
DA:384,10
DA:385,10
DA:386,10
DA:388,10
DA:389,0
DA:390,0
DA:391,0
DA:392,0
DA:393,0
DA:395,0
DA:396,0
DA:398,0
DA:399,0
DA:403,10
DA:404,0
DA:405,0
DA:406,0
DA:407,0
DA:408,0
DA:409,0
DA:412,10
DA:413,6
DA:414,0
DA:415,0
DA:419,10
DA:420,0
DA:421,0
DA:422,0
DA:423,0
DA:424,0
DA:425,0
DA:426,0
DA:427,0
DA:428,0
DA:432,10
DA:433,10
DA:436,10
DA:437,0
DA:438,0
DA:439,0
DA:441,0
DA:442,0
DA:445,10
DA:446,0
DA:449,10
DA:450,0
DA:451,0
DA:452,0
DA:453,0
DA:455,0
DA:459,10
DA:460,0
DA:464,10
DA:465,6
DA:466,0
DA:467,0
DA:468,0
DA:469,0
DA:472,6
DA:473,6
DA:477,10
DA:478,10
DA:479,10
DA:480,12
DA:481,12
DA:484,10
DA:485,0
DA:486,0
DA:487,0
DA:490,10
DA:491,0
DA:492,0
DA:495,10
DA:496,0
DA:497,0
DA:501,0
DA:502,0
DA:503,0
DA:504,0
DA:505,0
DA:506,0
DA:508,0
DA:511,0
DA:512,0
DA:513,0
DA:515,0
DA:519,10
DA:520,0
DA:521,0
DA:522,0
DA:523,0
DA:527,10
DA:528,0
DA:529,0
DA:530,0
DA:531,0
DA:532,0
DA:536,10
DA:537,0
DA:538,0
DA:539,0
DA:541,0
DA:545,10
DA:546,0
DA:547,0
DA:548,0
DA:549,0
DA:551,0
DA:552,0
DA:553,0
DA:554,0
DA:555,0
DA:559,10
DA:560,0
DA:561,0
DA:563,0
DA:564,0
DA:568,10
DA:569,0
DA:570,0
DA:572,0
DA:573,0
DA:577,10
DA:578,0
DA:579,0
DA:582,10
DA:583,0
DA:584,0
DA:585,0
DA:586,0
DA:587,0
DA:591,10
DA:592,0
DA:593,0
DA:594,0
DA:595,0
DA:596,0
DA:597,0
DA:598,0
DA:599,0
DA:600,0
DA:601,0
DA:602,0
DA:606,10
DA:607,0
DA:608,0
DA:609,0
DA:610,0
DA:611,0
DA:612,0
DA:613,0
DA:614,0
DA:615,0
DA:618,10
DA:619,0
DA:620,0
DA:621,0
DA:622,0
DA:623,0
DA:624,0
DA:625,0
DA:626,0
DA:627,0
DA:631,10
DA:632,0
DA:633,0
DA:634,0
DA:635,0
DA:638,10
DA:639,0
DA:640,0
DA:641,0
DA:643,0
DA:646,10
DA:647,0
DA:648,0
DA:649,0
DA:653,10
DA:654,0
DA:655,0
DA:656,0
DA:658,0
DA:660,0
DA:664,10
DA:665,0
DA:666,0
DA:668,0
DA:670,0
DA:671,0
DA:672,0
DA:673,0
DA:674,0
DA:675,0
DA:676,0
DA:677,0
DA:678,0
DA:680,0
DA:681,0
DA:682,0
DA:683,0
DA:684,0
DA:685,0
DA:686,0
DA:690,0
DA:691,0
DA:692,0
DA:693,0
DA:694,0
DA:695,0
DA:698,0
DA:701,10
DA:702,0
DA:703,0
DA:704,0
DA:705,0
DA:706,0
DA:708,0
DA:709,0
DA:710,0
DA:711,0
DA:712,0
DA:713,0
DA:714,0
DA:715,0
DA:716,0
DA:717,0
DA:718,0
DA:719,0
DA:721,0
DA:722,0
DA:723,0
DA:731,10
DA:732,0
DA:733,0
DA:734,0
DA:735,0
DA:736,0
DA:737,0
DA:738,0
DA:739,0
DA:742,10
DA:743,0
DA:744,0
DA:745,0
DA:746,0
DA:748,0
DA:749,0
DA:750,0
DA:751,0
DA:752,0
DA:753,0
DA:755,0
DA:756,0
DA:757,0
DA:758,0
DA:759,0
DA:760,0
DA:761,0
DA:763,0
DA:767,0
DA:768,0
DA:771,10
DA:772,0
DA:773,0
DA:774,0
DA:775,0
DA:776,0
DA:778,0
DA:779,0
DA:780,0
DA:781,0
DA:782,0
DA:783,0
DA:784,0
DA:785,0
DA:786,0
DA:787,0
DA:788,0
DA:789,0
DA:790,0
DA:792,0
DA:793,0
DA:794,0
DA:797,10
DA:798,10
DA:799,10
DA:800,8
DA:801,8
DA:809,0
DA:818,0
DA:836,0
DA:840,0
DA:844,0
DA:848,0
DA:852,0
DA:858,0
DA:862,0
DA:866,0
DA:872,0
DA:876,0
DA:887,2
DA:888,0
DA:890,0
DA:894,0
DA:900,2
DA:901,0
DA:903,0
DA:910,0
DA:916,2
DA:917,0
DA:919,0
DA:925,0
DA:933,2
DA:934,0
DA:936,0
DA:944,2
DA:945,0
DA:946,0
DA:948,0
DA:963,2
DA:970,0
DA:981,0
DA:985,0
DA:989,0
DA:993,0
DA:997,0
DA:1003,0
DA:1007,0
DA:1020,10
DA:1021,2
DA:1022,2
DA:1023,12
DA:1024,24
DA:1025,90
DA:1026,24
DA:1028,12
DA:1031,2
DA:1032,2
DA:1033,2
DA:1035,2
DA:1036,2
DA:1037,2
DA:1038,2
DA:1039,2
DA:1042,2
DA:1043,2
DA:1049,0
DA:1053,0
DA:1086,0
DA:1087,0
DA:1094,0
DA:1107,8
DA:1108,8
DA:1109,8
DA:1113,0
DA:1129,0
DA:1134,0
DA:1141,0
DA:1142,0
DA:1143,0
DA:1147,0
DA:1185,0
DA:1186,0
DA:1193,0
DA:1199,0
DA:1210,10
DA:1214,10
DA:1216,10
DA:1217,0
DA:1218,0
DA:1219,0
DA:1220,0
DA:1223,0
DA:1246,0
DA:1247,0
DA:1248,0
DA:1249,0
DA:1250,0
DA:1251,0
DA:1255,0
DA:1258,0
DA:1290,10
DA:1291,0
DA:1292,0
DA:1299,0
DA:1300,0
DA:1301,0
DA:1302,0
DA:1304,0
DA:1306,0
DA:1307,0
DA:1308,0
DA:1310,0
DA:1314,0
DA:1332,0
DA:1340,0
DA:1341,0
DA:1342,0
DA:1343,0
DA:1370,10
DA:1371,0
DA:1372,0
DA:1373,0
DA:1374,0
DA:1375,0
DA:1379,0
DA:1391,0
DA:1399,0
DA:1403,0
DA:1424,10
DA:1425,0
DA:1426,0
DA:1430,0
DA:1450,10
DA:1452,8
DA:1453,8
DA:1454,0
DA:1457,10
DA:1458,10
DA:1461,8
DA:1462,0
DA:1463,0
DA:1464,0
DA:1468,8
DA:1469,8
DA:1470,8
DA:1471,8
DA:1472,8
DA:1474,8
DA:1475,10
DA:1476,10
DA:1477,0
DA:1478,0
DA:1479,0
DA:1487,8
DA:1488,6
DA:1489,6
DA:1490,6
DA:1491,6
DA:1492,6
DA:1495,6
DA:1498,6
DA:1499,6
DA:1500,6
DA:1502,6
DA:1507,1
DA:1528,0
DA:1529,0
DA:1530,0
DA:1531,0
DA:1546,0
DA:1555,0
DA:1564,0
DA:1565,0
DA:1566,0
DA:1567,0
DA:1577,0
DA:1578,0
DA:1579,0
DA:1580,0
DA:1596,0
DA:1597,0
DA:1598,0
DA:1616,0
DA:1634,8
DA:1640,0
DA:1641,0
DA:1642,0
DA:1643,0
DA:1644,0
DA:1646,0
DA:1647,0
DA:1662,0
DA:1676,4
DA:1677,4
DA:1678,4
DA:1679,4
DA:1680,4
DA:1683,4
DA:1686,4
DA:1687,4
DA:1688,4
DA:1689,4
DA:1694,0
DA:1712,0
DA:1713,0
DA:1714,0
DA:1715,0
DA:1730,0
DA:1739,0
DA:1748,0
DA:1749,0
DA:1750,0
DA:1751,0
DA:1761,0
DA:1762,0
DA:1763,0
DA:1764,0
DA:1781,0
DA:1782,0
DA:1783,0
DA:1802,0
DA:1835,10
DA:1836,8
DA:1843,0
DA:1844,0
DA:1863,0
DA:1871,10
DA:1872,0
DA:1884,0
DA:1888,0
DA:1904,10
DA:1905,10
DA:1934,0
DA:1942,0
DA:1950,0
DA:1961,0
DA:1969,0
DA:1980,10
DA:1984,0
DA:1991,0
DA:1992,0
DA:1993,0
DA:1995,0
DA:2024,0
DA:2038,0
DA:2039,0
DA:2050,0
DA:2054,0
DA:2065,0
DA:2083,0
DA:2084,0
DA:2085,0
DA:2086,0
DA:2087,0
DA:2090,0
DA:2091,0
DA:2092,0
DA:2097,0
DA:2099,0
DA:2100,0
DA:2107,0
DA:2108,0
DA:2121,0
DA:2122,0
DA:2123,0
DA:2124,0
DA:2134,0
DA:2135,0
DA:2136,0
DA:2137,0
DA:2147,0
DA:2148,0
DA:2150,0
DA:2151,0
DA:2162,0
DA:2163,0
DA:2165,0
LF:758
LH:259
BRDA:28,0,0,0
BRDA:28,0,1,0
BRDA:28,1,0,0
BRDA:28,1,1,0
BRDA:29,2,0,0
BRDA:29,2,1,0
BRDA:30,3,0,0
BRDA:30,3,1,0
BRDA:43,4,0,0
BRDA:43,4,1,0
BRDA:43,5,0,0
BRDA:43,5,1,0
BRDA:43,5,2,0
BRDA:46,6,0,0
BRDA:46,6,1,0
BRDA:48,7,0,0
BRDA:48,7,1,0
BRDA:50,8,0,0
BRDA:50,8,1,0
BRDA:50,9,0,0
BRDA:50,9,1,0
BRDA:50,10,0,0
BRDA:50,10,1,0
BRDA:52,11,0,0
BRDA:52,11,1,0
BRDA:54,12,0,0
BRDA:54,12,1,0
BRDA:54,13,0,0
BRDA:54,13,1,0
BRDA:56,14,0,0
BRDA:56,14,1,0
BRDA:76,15,0,0
BRDA:76,15,1,0
BRDA:83,16,0,0
BRDA:83,16,1,0
BRDA:95,17,0,0
BRDA:95,17,1,9
BRDA:135,18,0,7
BRDA:135,18,1,2
BRDA:144,19,0,0
BRDA:144,19,1,6
BRDA:144,20,0,6
BRDA:144,20,1,0
BRDA:144,20,2,0
BRDA:145,21,0,0
BRDA:145,21,1,6
BRDA:145,22,0,6
BRDA:145,22,1,6
BRDA:145,22,2,0
BRDA:187,23,0,9
BRDA:187,23,1,0
BRDA:189,24,0,0
BRDA:189,24,1,0
BRDA:208,25,0,0
BRDA:208,25,1,6
BRDA:213,26,0,0
BRDA:213,26,1,0
BRDA:215,27,0,0
BRDA:215,27,1,0
BRDA:215,28,0,0
BRDA:215,28,1,0
BRDA:238,29,0,0
BRDA:238,29,1,9
BRDA:270,30,0,0
BRDA:270,30,1,8
BRDA:271,31,0,0
BRDA:271,31,1,0
BRDA:274,32,0,0
BRDA:274,32,1,8
BRDA:274,33,0,0
BRDA:274,33,1,8
BRDA:279,34,0,0
BRDA:279,34,1,8
BRDA:280,35,0,0
BRDA:280,35,1,0
BRDA:283,36,0,0
BRDA:283,36,1,8
BRDA:283,37,0,0
BRDA:283,37,1,8
BRDA:300,38,0,0
BRDA:300,38,1,0
BRDA:326,39,0,0
BRDA:326,39,1,1
BRDA:348,40,0,0
BRDA:348,40,1,0
BRDA:353,41,0,0
BRDA:353,41,1,0
BRDA:365,42,0,0
BRDA:365,42,1,0
BRDA:373,43,0,0
BRDA:373,43,1,6
BRDA:391,44,0,0
BRDA:391,44,1,0
BRDA:391,45,0,0
BRDA:391,45,1,0
BRDA:404,46,0,0
BRDA:404,46,1,0
BRDA:404,47,0,0
BRDA:404,47,1,0
BRDA:405,48,0,0
BRDA:405,48,1,0
BRDA:405,49,0,0
BRDA:405,49,1,0
BRDA:405,50,0,0
BRDA:405,50,1,0
BRDA:406,51,0,0
BRDA:406,51,1,0
BRDA:413,52,0,0
BRDA:413,52,1,6
BRDA:413,53,0,6
BRDA:413,53,1,6
BRDA:420,54,0,0
BRDA:420,54,1,0
BRDA:420,55,0,0
BRDA:420,55,1,0
BRDA:421,56,0,0
BRDA:421,56,1,0
BRDA:423,57,0,0
BRDA:423,57,1,0
BRDA:423,58,0,0
BRDA:423,58,1,0
BRDA:423,59,0,0
BRDA:423,59,1,0
BRDA:424,60,0,0
BRDA:424,60,1,0
BRDA:424,61,0,0
BRDA:424,61,1,0
BRDA:426,62,0,0
BRDA:426,62,1,0
BRDA:428,63,0,0
BRDA:428,63,1,0
BRDA:438,64,0,0
BRDA:438,64,1,0
BRDA:438,65,0,0
BRDA:438,65,1,0
BRDA:439,66,0,0
BRDA:439,66,1,0
BRDA:439,67,0,0
BRDA:439,67,1,0
BRDA:451,68,0,0
BRDA:451,68,1,0
BRDA:453,69,0,0
BRDA:453,69,1,0
BRDA:460,70,0,0
BRDA:460,70,1,0
BRDA:466,71,0,0
BRDA:466,71,1,0
BRDA:466,72,0,0
BRDA:466,72,1,0
BRDA:467,73,0,0
BRDA:467,73,1,0
BRDA:467,74,0,0
BRDA:467,74,1,0
BRDA:467,74,2,0
BRDA:469,75,0,0
BRDA:469,75,1,0
BRDA:485,76,0,0
BRDA:485,76,1,0
BRDA:496,77,0,0
BRDA:496,77,1,0
BRDA:498,78,0,0
BRDA:498,78,1,0
BRDA:499,79,0,0
BRDA:499,79,1,0
BRDA:502,80,0,0
BRDA:502,80,1,0
BRDA:503,81,0,0
BRDA:503,81,1,0
BRDA:520,82,0,0
BRDA:520,82,1,0
BRDA:528,83,0,0
BRDA:528,83,1,0
BRDA:528,84,0,0
BRDA:528,84,1,0
BRDA:529,85,0,0
BRDA:529,85,1,0
BRDA:530,86,0,0
BRDA:530,86,1,0
BRDA:531,87,0,0
BRDA:531,87,1,0
BRDA:531,88,0,0
BRDA:531,88,1,0
BRDA:538,89,0,0
BRDA:538,89,1,0
BRDA:546,90,0,0
BRDA:546,90,1,0
BRDA:548,91,0,0
BRDA:548,91,1,0
BRDA:555,92,0,0
BRDA:555,92,1,0
BRDA:560,93,0,0
BRDA:560,93,1,0
BRDA:569,94,0,0
BRDA:569,94,1,0
BRDA:569,95,0,0
BRDA:569,95,1,0
BRDA:592,96,0,0
BRDA:592,96,1,0
BRDA:597,97,0,0
BRDA:597,97,1,0
BRDA:597,98,0,0
BRDA:597,98,1,0
BRDA:607,99,0,0
BRDA:607,99,1,0
BRDA:609,100,0,0
BRDA:609,100,1,0
BRDA:610,101,0,0
BRDA:610,101,1,0
BRDA:610,102,0,0
BRDA:610,102,1,0
BRDA:620,103,0,0
BRDA:620,103,1,0
BRDA:621,104,0,0
BRDA:621,104,1,0
BRDA:625,105,0,0
BRDA:625,105,1,0
BRDA:625,106,0,0
BRDA:625,106,1,0
BRDA:633,107,0,0
BRDA:633,107,1,0
BRDA:654,108,0,0
BRDA:654,108,1,0
BRDA:665,109,0,0
BRDA:665,109,1,0
BRDA:666,110,0,0
BRDA:666,110,1,0
BRDA:670,111,0,0
BRDA:670,111,1,0
BRDA:670,112,0,0
BRDA:670,112,1,0
BRDA:671,113,0,0
BRDA:671,113,1,0
BRDA:672,114,0,0
BRDA:672,114,1,0
BRDA:674,115,0,0
BRDA:674,115,1,0
BRDA:674,116,0,0
BRDA:674,116,1,0
BRDA:674,116,2,0
BRDA:675,117,0,0
BRDA:675,117,1,0
BRDA:676,118,0,0
BRDA:676,118,1,0
BRDA:676,119,0,0
BRDA:676,119,1,0
BRDA:677,120,0,0
BRDA:677,120,1,0
BRDA:680,121,0,0
BRDA:680,121,1,0
BRDA:680,122,0,0
BRDA:680,122,1,0
BRDA:680,122,2,0
BRDA:681,123,0,0
BRDA:681,123,1,0
BRDA:682,124,0,0
BRDA:682,124,1,0
BRDA:682,125,0,0
BRDA:682,125,1,0
BRDA:684,126,0,0
BRDA:684,126,1,0
BRDA:690,127,0,0
BRDA:690,127,1,0
BRDA:691,128,0,0
BRDA:691,128,1,0
BRDA:692,129,0,0
BRDA:692,129,1,0
BRDA:692,130,0,0
BRDA:692,130,1,0
BRDA:692,131,0,0
BRDA:692,131,1,0
BRDA:693,132,0,0
BRDA:693,132,1,0
BRDA:693,133,0,0
BRDA:693,133,1,0
BRDA:695,134,0,0
BRDA:695,134,1,0
BRDA:702,135,0,0
BRDA:702,135,1,0
BRDA:703,136,0,0
BRDA:703,136,1,0
BRDA:708,137,0,0
BRDA:708,137,1,0
BRDA:709,138,0,0
BRDA:709,138,1,0
BRDA:732,139,0,0
BRDA:732,139,1,0
BRDA:733,140,0,0
BRDA:733,140,1,0
BRDA:735,141,0,0
BRDA:735,141,1,0
BRDA:736,142,0,0
BRDA:736,142,1,0
BRDA:743,143,0,0
BRDA:743,143,1,0
BRDA:743,144,0,0
BRDA:743,144,1,0
BRDA:745,145,0,0
BRDA:745,145,1,0
BRDA:748,146,0,0
BRDA:748,146,1,0
BRDA:749,147,0,0
BRDA:749,147,1,0
BRDA:750,148,0,0
BRDA:750,148,1,0
BRDA:751,149,0,0
BRDA:751,149,1,0
BRDA:752,150,0,0
BRDA:752,150,1,0
BRDA:755,151,0,0
BRDA:755,151,1,0
BRDA:756,152,0,0
BRDA:756,152,1,0
BRDA:758,153,0,0
BRDA:758,153,1,0
BRDA:758,154,0,0
BRDA:758,154,1,0
BRDA:759,155,0,0
BRDA:759,155,1,0
BRDA:760,156,0,0
BRDA:760,156,1,0
BRDA:761,157,0,0
BRDA:761,157,1,0
BRDA:763,158,0,0
BRDA:763,158,1,0
BRDA:772,159,0,0
BRDA:772,159,1,0
BRDA:773,160,0,0
BRDA:773,160,1,0
BRDA:774,161,0,0
BRDA:774,161,1,0
BRDA:775,162,0,0
BRDA:775,162,1,0
BRDA:786,163,0,0
BRDA:786,163,1,0
BRDA:787,164,0,0
BRDA:787,164,1,0
BRDA:788,165,0,0
BRDA:788,165,1,0
BRDA:798,166,0,8
BRDA:798,166,1,2
BRDA:800,167,0,8
BRDA:800,167,1,0
BRDA:807,168,0,8
BRDA:807,168,1,0
BRDA:818,169,0,0
BRDA:818,169,1,8
BRDA:819,170,0,0
BRDA:819,170,1,8
BRDA:832,171,0,8
BRDA:832,171,1,0
BRDA:845,172,0,0
BRDA:845,172,1,0
BRDA:846,173,0,0
BRDA:846,173,1,0
BRDA:856,174,0,0
BRDA:856,174,1,0
BRDA:887,175,0,0
BRDA:887,175,1,2
BRDA:890,176,0,0
BRDA:890,176,1,0
BRDA:894,177,0,0
BRDA:894,177,1,0
BRDA:900,178,0,0
BRDA:900,178,1,2
BRDA:900,179,0,2
BRDA:900,179,1,0
BRDA:916,180,0,0
BRDA:916,180,1,2
BRDA:925,181,0,0
BRDA:925,181,1,0
BRDA:933,182,0,0
BRDA:933,182,1,2
BRDA:944,183,0,0
BRDA:944,183,1,2
BRDA:952,184,0,0
BRDA:952,184,1,0
BRDA:952,184,2,0
BRDA:953,185,0,0
BRDA:953,185,1,0
BRDA:958,186,0,0
BRDA:958,186,1,0
BRDA:970,187,0,0
BRDA:970,187,1,2
BRDA:971,188,0,0
BRDA:971,188,1,2
BRDA:977,189,0,2
BRDA:977,189,1,0
BRDA:990,190,0,0
BRDA:990,190,1,0
BRDA:991,191,0,0
BRDA:991,191,1,0
BRDA:1001,192,0,0
BRDA:1001,192,1,0
BRDA:1026,193,0,10
BRDA:1026,193,1,14
BRDA:1031,194,0,2
BRDA:1031,194,1,2
BRDA:1033,195,0,0
BRDA:1033,195,1,2
BRDA:1035,196,0,2
BRDA:1035,196,1,2
BRDA:1035,196,2,2
BRDA:1036,197,0,2
BRDA:1036,197,1,2
BRDA:1037,198,0,2
BRDA:1037,198,1,2
BRDA:1037,199,0,0
BRDA:1037,199,1,2
BRDA:1038,200,0,0
BRDA:1038,200,1,2
BRDA:1039,201,0,2
BRDA:1039,201,1,2
BRDA:1042,202,0,2
BRDA:1042,202,1,0
BRDA:1052,203,0,2
BRDA:1052,203,1,0
BRDA:1059,204,0,2
BRDA:1059,204,1,0
BRDA:1073,205,0,0
BRDA:1073,205,1,0
BRDA:1086,206,0,0
BRDA:1086,206,1,0
BRDA:1107,207,0,8
BRDA:1107,207,1,0
BRDA:1108,208,0,8
BRDA:1108,208,1,0
BRDA:1141,209,0,0
BRDA:1141,209,1,0
BRDA:1142,210,0,0
BRDA:1142,210,1,0
BRDA:1158,211,0,0
BRDA:1158,211,1,0
BRDA:1172,212,0,0
BRDA:1172,212,1,0
BRDA:1185,213,0,0
BRDA:1185,213,1,0
BRDA:1214,214,0,0
BRDA:1214,214,1,0
BRDA:1214,215,0,0
BRDA:1214,215,1,0
BRDA:1219,216,0,0
BRDA:1219,216,1,0
BRDA:1220,217,0,0
BRDA:1220,217,1,0
BRDA:1238,218,0,0
BRDA:1238,218,1,0
BRDA:1246,219,0,0
BRDA:1246,219,1,0
BRDA:1246,220,0,0
BRDA:1246,220,1,0
BRDA:1247,221,0,0
BRDA:1247,221,1,0
BRDA:1248,222,0,0
BRDA:1248,222,1,0
BRDA:1249,223,0,0
BRDA:1249,223,1,0
BRDA:1250,224,0,0
BRDA:1250,224,1,0
BRDA:1250,225,0,0
BRDA:1250,225,1,0
BRDA:1258,226,0,0
BRDA:1258,226,1,0
BRDA:1259,227,0,0
BRDA:1259,227,1,0
BRDA:1264,228,0,0
BRDA:1264,228,1,0
BRDA:1266,229,0,0
BRDA:1266,229,1,0
BRDA:1272,230,0,0
BRDA:1272,230,1,0
BRDA:1292,231,0,0
BRDA:1292,231,1,0
BRDA:1306,232,0,0
BRDA:1306,232,1,0
BRDA:1307,233,0,0
BRDA:1307,233,1,0
BRDA:1317,234,0,0
BRDA:1317,234,1,0
BRDA:1326,235,0,0
BRDA:1326,235,1,0
BRDA:1340,236,0,0
BRDA:1340,236,1,0
BRDA:1341,237,0,0
BRDA:1341,237,1,0
BRDA:1342,238,0,0
BRDA:1342,238,1,0
BRDA:1345,239,0,0
BRDA:1345,239,1,0
BRDA:1346,240,0,0
BRDA:1346,240,1,0
BRDA:1349,241,0,0
BRDA:1349,241,1,0
BRDA:1372,242,0,0
BRDA:1372,242,1,0
BRDA:1373,243,0,0
BRDA:1373,243,1,0
BRDA:1378,244,0,0
BRDA:1378,244,1,0
BRDA:1379,245,0,0
BRDA:1379,245,1,0
BRDA:1381,246,0,0
BRDA:1381,246,1,0
BRDA:1412,247,0,0
BRDA:1412,247,1,0
BRDA:1425,248,0,0
BRDA:1425,248,1,0
BRDA:1431,249,0,0
BRDA:1431,249,1,0
BRDA:1437,250,0,0
BRDA:1437,250,1,0
BRDA:1443,251,0,0
BRDA:1443,251,1,0
BRDA:1452,252,0,8
BRDA:1452,252,1,8
BRDA:1453,253,0,0
BRDA:1453,253,1,8
BRDA:1454,254,0,0
BRDA:1454,254,1,0
BRDA:1454,254,2,0
BRDA:1461,255,0,0
BRDA:1461,255,1,8
BRDA:1462,256,0,0
BRDA:1462,256,1,0
BRDA:1462,256,2,0
BRDA:1462,257,0,0
BRDA:1462,257,1,0
BRDA:1462,257,2,0
BRDA:1468,258,0,0
BRDA:1468,258,1,8
BRDA:1470,259,0,8
BRDA:1470,259,1,8
BRDA:1471,260,0,8
BRDA:1471,260,1,0
BRDA:1472,261,0,8
BRDA:1472,261,1,0
BRDA:1475,262,0,10
BRDA:1475,262,1,10
BRDA:1476,263,0,10
BRDA:1476,263,1,0
BRDA:1477,264,0,0
BRDA:1477,264,1,0
BRDA:1478,265,0,0
BRDA:1478,265,1,0
BRDA:1488,266,0,6
BRDA:1488,266,1,0
BRDA:1489,267,0,6
BRDA:1489,267,1,0
BRDA:1490,268,0,6
BRDA:1490,268,1,6
BRDA:1491,269,0,6
BRDA:1491,269,1,0
BRDA:1491,270,0,6
BRDA:1491,270,1,6
BRDA:1492,271,0,6
BRDA:1492,271,1,0
BRDA:1495,272,0,6
BRDA:1495,272,1,0
BRDA:1496,273,0,6
BRDA:1496,273,1,0
BRDA:1497,274,0,0
BRDA:1497,274,1,0
BRDA:1499,275,0,6
BRDA:1499,275,1,0
BRDA:1500,276,0,6
BRDA:1500,276,1,0
BRDA:1503,277,0,1
BRDA:1503,277,1,5
BRDA:1506,278,0,0
BRDA:1506,278,1,6
BRDA:1508,279,0,0
BRDA:1508,279,1,6
BRDA:1508,280,0,0
BRDA:1508,280,1,0
BRDA:1508,281,0,6
BRDA:1508,281,1,6
BRDA:1510,282,0,6
BRDA:1510,282,1,0
BRDA:1522,283,0,0
BRDA:1522,283,1,6
BRDA:1529,284,0,0
BRDA:1529,284,1,0
BRDA:1544,285,0,6
BRDA:1544,285,1,0
BRDA:1567,286,0,0
BRDA:1567,286,1,0
BRDA:1580,287,0,0
BRDA:1580,287,1,0
BRDA:1590,288,0,6
BRDA:1590,288,1,0
BRDA:1596,289,0,0
BRDA:1596,289,1,0
BRDA:1598,290,0,0
BRDA:1598,290,1,0
BRDA:1609,291,0,6
BRDA:1609,291,1,0
BRDA:1621,292,0,0
BRDA:1621,292,1,0
BRDA:1623,293,0,0
BRDA:1623,293,1,0
BRDA:1623,294,0,0
BRDA:1623,294,1,0
BRDA:1638,295,0,0
BRDA:1638,295,1,8
BRDA:1642,296,0,0
BRDA:1642,296,1,0
BRDA:1643,297,0,0
BRDA:1643,297,1,0
BRDA:1648,298,0,0
BRDA:1648,298,1,0
BRDA:1648,299,0,0
BRDA:1648,299,1,0
BRDA:1658,300,0,8
BRDA:1658,300,1,4
BRDA:1670,301,0,0
BRDA:1670,301,1,4
BRDA:1673,302,0,4
BRDA:1673,302,1,4
BRDA:1676,303,0,4
BRDA:1676,303,1,0
BRDA:1677,304,0,4
BRDA:1677,304,1,0
BRDA:1678,305,0,4
BRDA:1678,305,1,4
BRDA:1679,306,0,4
BRDA:1679,306,1,0
BRDA:1679,307,0,4
BRDA:1679,307,1,4
BRDA:1680,308,0,4
BRDA:1680,308,1,0
BRDA:1683,309,0,4
BRDA:1683,309,1,0
BRDA:1684,310,0,4
BRDA:1684,310,1,0
BRDA:1685,311,0,0
BRDA:1685,311,1,0
BRDA:1687,312,0,4
BRDA:1687,312,1,0
BRDA:1688,313,0,4
BRDA:1688,313,1,0
BRDA:1695,314,0,4
BRDA:1695,314,1,4
BRDA:1713,315,0,0
BRDA:1713,315,1,0
BRDA:1728,316,0,4
BRDA:1728,316,1,0
BRDA:1751,317,0,0
BRDA:1751,317,1,0
BRDA:1764,318,0,0
BRDA:1764,318,1,0
BRDA:1775,319,0,4
BRDA:1775,319,1,0
BRDA:1781,320,0,0
BRDA:1781,320,1,0
BRDA:1783,321,0,0
BRDA:1783,321,1,0
BRDA:1795,322,0,4
BRDA:1795,322,1,0
BRDA:1807,323,0,0
BRDA:1807,323,1,0
BRDA:1809,324,0,0
BRDA:1809,324,1,0
BRDA:1809,325,0,0
BRDA:1809,325,1,0
BRDA:1824,326,0,8
BRDA:1824,326,1,0
BRDA:1844,327,0,0
BRDA:1844,327,1,0
BRDA:1849,328,0,0
BRDA:1849,328,1,8
BRDA:1854,329,0,0
BRDA:1854,329,1,8
BRDA:1862,330,0,8
BRDA:1862,330,1,0
BRDA:1907,331,0,10
BRDA:1907,331,1,8
BRDA:1909,332,0,10
BRDA:1909,332,1,8
BRDA:1933,333,0,2
BRDA:1933,333,1,8
BRDA:1941,334,0,0
BRDA:1941,334,1,10
BRDA:1949,335,0,8
BRDA:1949,335,1,2
BRDA:1950,336,0,0
BRDA:1950,336,1,0
BRDA:1955,337,0,10
BRDA:1955,337,1,8
BRDA:1960,338,0,0
BRDA:1960,338,1,10
BRDA:1968,339,0,0
BRDA:1968,339,1,10
BRDA:1987,340,0,10
BRDA:1987,340,1,0
BRDA:2003,341,0,10
BRDA:2003,341,1,8
BRDA:2007,342,0,10
BRDA:2007,342,1,2
BRDA:2008,343,0,10
BRDA:2008,343,1,0
BRDA:2009,344,0,10
BRDA:2009,344,1,0
BRDA:2010,345,0,10
BRDA:2010,345,1,8
BRDA:2011,346,0,10
BRDA:2011,346,1,0
BRDA:2012,347,0,10
BRDA:2012,347,1,0
BRDA:2013,348,0,10
BRDA:2013,348,1,0
BRDA:2017,349,0,10
BRDA:2017,349,1,10
BRDA:2022,350,0,10
BRDA:2022,350,1,0
BRDA:2032,351,0,0
BRDA:2032,351,1,0
BRDA:2040,352,0,0
BRDA:2040,352,1,0
BRDA:2042,353,0,0
BRDA:2042,353,1,0
BRDA:2043,354,0,0
BRDA:2043,354,1,0
BRDA:2085,355,0,0
BRDA:2085,355,1,0
BRDA:2093,356,0,10
BRDA:2093,356,1,0
BRDA:2106,357,0,0
BRDA:2106,357,1,10
BRDA:2107,358,0,0
BRDA:2107,358,1,0
BRDA:2112,359,0,10
BRDA:2112,359,1,0
BRDA:2117,360,0,10
BRDA:2117,360,1,0
BRDA:2122,361,0,0
BRDA:2122,361,1,0
BRDA:2130,362,0,10
BRDA:2130,362,1,0
BRDA:2135,363,0,0
BRDA:2135,363,1,0
BRDA:2143,364,0,10
BRDA:2143,364,1,0
BRDA:2147,365,0,0
BRDA:2147,365,1,0
BRDA:2147,366,0,0
BRDA:2147,366,1,0
BRDA:2157,367,0,10
BRDA:2157,367,1,0
BRDA:2162,368,0,0
BRDA:2162,368,1,0
BRDA:2171,369,0,10
BRDA:2171,369,1,10
BRDA:2171,369,2,0
BRDA:2173,370,0,0
BRDA:2173,370,1,0
BRDA:2177,371,0,0
BRDA:2177,371,1,0
BRF:756
BRH:158
end_of_record
TN:
SF:src\components\ModalConfirmacao.jsx
FN:3,(anonymous_0)
FN:19,(anonymous_1)
FN:28,(anonymous_2)
FNF:3
FNH:2
FNDA:8,(anonymous_0)
FNDA:1,(anonymous_1)
FNDA:0,(anonymous_2)
DA:3,2
DA:4,8
DA:6,1
DA:20,1
DA:28,0
LF:5
LH:4
BRDA:3,0,0,1
BRDA:4,1,0,7
BRDA:4,1,1,1
BRDA:15,2,0,0
BRDA:15,2,1,1
BRDA:20,3,0,1
BRDA:20,3,1,0
BRF:7
BRH:5
end_of_record
TN:
SF:src\components\ModalEditarTemplate.jsx
FN:6,(anonymous_0)
FN:14,(anonymous_1)
FN:25,(anonymous_2)
FN:31,(anonymous_3)
FN:37,(anonymous_4)
FN:43,(anonymous_5)
FN:60,(anonymous_6)
FN:80,(anonymous_7)
FN:109,(anonymous_8)
FN:112,(anonymous_9)
FN:120,(anonymous_10)
FN:132,(anonymous_11)
FN:133,(anonymous_12)
FN:145,(anonymous_13)
FN:152,(anonymous_14)
FN:174,(anonymous_15)
FN:180,(anonymous_16)
FN:186,(anonymous_17)
FN:197,(anonymous_18)
FNF:19
FNH:0
FNDA:0,(anonymous_0)
FNDA:0,(anonymous_1)
FNDA:0,(anonymous_2)
FNDA:0,(anonymous_3)
FNDA:0,(anonymous_4)
FNDA:0,(anonymous_5)
FNDA:0,(anonymous_6)
FNDA:0,(anonymous_7)
FNDA:0,(anonymous_8)
FNDA:0,(anonymous_9)
FNDA:0,(anonymous_10)
FNDA:0,(anonymous_11)
FNDA:0,(anonymous_12)
FNDA:0,(anonymous_13)
FNDA:0,(anonymous_14)
FNDA:0,(anonymous_15)
FNDA:0,(anonymous_16)
FNDA:0,(anonymous_17)
FNDA:0,(anonymous_18)
DA:4,2
DA:6,2
DA:7,0
DA:8,0
DA:9,0
DA:11,0
DA:12,0
DA:14,0
DA:15,0
DA:16,0
DA:17,0
DA:18,0
DA:19,0
DA:23,0
DA:25,0
DA:26,0
DA:27,0
DA:28,0
DA:31,0
DA:32,0
DA:33,0
DA:34,0
DA:37,0
DA:38,0
DA:39,0
DA:40,0
DA:43,0
DA:44,0
DA:45,0
DA:46,0
DA:47,0
DA:50,0
DA:56,0
DA:57,0
DA:60,0
DA:61,0
DA:62,0
DA:63,0
DA:65,0
DA:66,0
DA:67,0
DA:70,0
DA:78,0
DA:80,0
DA:109,0
DA:112,0
DA:120,0
DA:132,0
DA:133,0
DA:145,0
DA:152,0
DA:175,0
DA:180,0
DA:186,0
DA:197,0
LF:55
LH:2
BRDA:15,0,0,0
BRDA:15,0,1,0
BRDA:16,1,0,0
BRDA:16,1,1,0
BRDA:17,2,0,0
BRDA:17,2,1,0
BRDA:18,3,0,0
BRDA:18,3,1,0
BRDA:23,4,0,0
BRDA:23,4,1,0
BRDA:23,5,0,0
BRDA:23,5,1,0
BRDA:27,6,0,0
BRDA:27,6,1,0
BRDA:45,7,0,0
BRDA:45,7,1,0
BRDA:45,8,0,0
BRDA:45,8,1,0
BRDA:53,9,0,0
BRDA:53,9,1,0
BRDA:61,10,0,0
BRDA:61,10,1,0
BRDA:65,11,0,0
BRDA:65,11,1,0
BRDA:94,12,0,0
BRDA:94,12,1,0
BRDA:102,13,0,0
BRDA:102,13,1,0
BRDA:134,14,0,0
BRDA:134,14,1,0
BRDA:136,15,0,0
BRDA:136,15,1,0
BRDA:170,16,0,0
BRDA:170,16,1,0
BRDA:211,17,0,0
BRDA:211,17,1,0
BRF:36
BRH:0
end_of_record
TN:
SF:src\components\ModalEstabelecimento.jsx
FN:11,ModalEstabelecimento
FN:24,(anonymous_1)
FN:32,(anonymous_2)
FN:64,(anonymous_3)
FN:70,(anonymous_4)
FN:73,(anonymous_5)
FN:81,(anonymous_6)
FN:89,(anonymous_7)
FN:101,(anonymous_8)
FN:146,(anonymous_9)
FN:157,(anonymous_10)
FN:165,(anonymous_11)
FN:170,(anonymous_12)
FN:183,(anonymous_13)
FN:187,(anonymous_14)
FNF:15
FNH:1
FNDA:3,ModalEstabelecimento
FNDA:0,(anonymous_1)
FNDA:0,(anonymous_2)
FNDA:0,(anonymous_3)
FNDA:0,(anonymous_4)
FNDA:0,(anonymous_5)
FNDA:0,(anonymous_6)
FNDA:0,(anonymous_7)
FNDA:0,(anonymous_8)
FNDA:0,(anonymous_9)
FNDA:0,(anonymous_10)
FNDA:0,(anonymous_11)
FNDA:0,(anonymous_12)
FNDA:0,(anonymous_13)
FNDA:0,(anonymous_14)
DA:3,1
DA:12,3
DA:13,3
DA:14,3
DA:15,3
DA:16,3
DA:17,3
DA:18,3
DA:19,3
DA:20,3
DA:22,3
DA:24,0
DA:25,0
DA:26,0
DA:27,0
DA:29,0
DA:30,0
DA:31,0
DA:32,0
DA:33,0
DA:34,0
DA:35,0
DA:36,0
DA:37,0
DA:39,0
DA:40,0
DA:41,0
DA:42,0
DA:43,0
DA:44,0
DA:45,0
DA:49,0
DA:50,0
DA:51,0
DA:52,0
DA:53,0
DA:54,0
DA:55,0
DA:56,0
DA:58,0
DA:60,0
DA:62,0
DA:65,0
DA:66,0
DA:70,0
DA:71,0
DA:72,0
DA:73,0
DA:74,0
DA:75,0
DA:76,0
DA:77,0
DA:78,0
DA:81,0
DA:82,0
DA:83,0
DA:84,0
DA:85,0
DA:86,0
DA:89,0
DA:90,0
DA:98,0
DA:101,0
DA:103,0
DA:146,0
DA:157,0
DA:166,0
DA:170,0
DA:184,0
DA:187,0
LF:70
LH:11
BRDA:22,0,0,3
BRDA:22,0,1,0
BRDA:25,1,0,0
BRDA:25,1,1,0
BRDA:25,2,0,0
BRDA:25,2,1,0
BRDA:41,3,0,0
BRDA:41,3,1,0
BRDA:43,4,0,0
BRDA:43,4,1,0
BRDA:43,5,0,0
BRDA:43,5,1,0
BRDA:45,6,0,0
BRDA:45,6,1,0
BRDA:45,7,0,0
BRDA:45,7,1,0
BRDA:45,7,2,0
BRDA:45,7,3,0
BRDA:45,7,4,0
BRDA:45,7,5,0
BRDA:54,8,0,0
BRDA:54,8,1,0
BRDA:56,9,0,0
BRDA:56,9,1,0
BRDA:56,10,0,0
BRDA:56,10,1,0
BRDA:66,11,0,0
BRDA:66,11,1,0
BRDA:66,12,0,0
BRDA:66,12,1,0
BRDA:71,13,0,0
BRDA:71,13,1,0
BRDA:71,14,0,0
BRDA:71,14,1,0
BRDA:78,15,0,0
BRDA:78,15,1,0
BRDA:84,16,0,0
BRDA:84,16,1,0
BRDA:85,17,0,0
BRDA:85,17,1,0
BRDA:91,18,0,0
BRDA:91,18,1,0
BRDA:92,19,0,0
BRDA:92,19,1,0
BRDA:93,20,0,0
BRDA:93,20,1,0
BRDA:94,21,0,0
BRDA:94,21,1,0
BRDA:95,22,0,0
BRDA:95,22,1,0
BRDA:96,23,0,0
BRDA:96,23,1,0
BRDA:124,24,0,0
BRDA:124,24,1,0
BRDA:136,25,0,0
BRDA:136,25,1,0
BRDA:169,26,0,0
BRDA:169,26,1,0
BRDA:179,27,0,0
BRDA:179,27,1,0
BRDA:185,28,0,0
BRDA:185,28,1,0
BRDA:196,29,0,0
BRDA:196,29,1,0
BRDA:196,30,0,0
BRDA:196,30,1,0
BRF:66
BRH:1
end_of_record
TN:
SF:src\components\ModalPerfilFamiliar.jsx
FN:6,(anonymous_0)
FN:15,(anonymous_1)
FN:25,(anonymous_2)
FN:26,(anonymous_3)
FN:35,(anonymous_4)
FN:76,(anonymous_5)
FN:93,(anonymous_6)
FN:122,(anonymous_7)
FN:126,(anonymous_8)
FN:145,(anonymous_9)
FN:149,(anonymous_10)
FN:169,(anonymous_11)
FN:178,(anonymous_12)
FN:201,(anonymous_13)
FN:201,(anonymous_14)
FNF:15
FNH:1
FNDA:3,(anonymous_0)
FNDA:0,(anonymous_1)
FNDA:0,(anonymous_2)
FNDA:0,(anonymous_3)
FNDA:0,(anonymous_4)
FNDA:0,(anonymous_5)
FNDA:0,(anonymous_6)
FNDA:0,(anonymous_7)
FNDA:0,(anonymous_8)
FNDA:0,(anonymous_9)
FNDA:0,(anonymous_10)
FNDA:0,(anonymous_11)
FNDA:0,(anonymous_12)
FNDA:0,(anonymous_13)
FNDA:0,(anonymous_14)
DA:4,1
DA:6,1
DA:7,3
DA:8,3
DA:9,3
DA:10,3
DA:11,3
DA:13,3
DA:15,0
DA:16,0
DA:21,0
DA:22,0
DA:25,0
DA:26,0
DA:27,0
DA:31,0
DA:35,0
DA:50,0
DA:76,0
DA:94,0
DA:123,0
DA:126,0
DA:146,0
DA:149,0
DA:170,0
DA:178,0
DA:201,0
LF:27
LH:8
BRDA:13,0,0,3
BRDA:13,0,1,0
BRDA:17,1,0,0
BRDA:17,1,1,0
BRDA:18,2,0,0
BRDA:18,2,1,0
BRDA:19,3,0,0
BRDA:19,3,1,0
BRDA:26,4,0,0
BRDA:26,4,1,0
BRDA:31,5,0,0
BRDA:31,5,1,0
BRDA:31,5,2,0
BRDA:31,5,3,0
BRDA:31,5,4,0
BRDA:31,5,5,0
BRDA:38,6,0,0
BRDA:38,6,1,0
BRDA:39,7,0,0
BRDA:39,7,1,0
BRDA:40,8,0,0
BRDA:40,8,1,0
BRDA:42,9,0,0
BRDA:42,9,1,0
BRDA:97,10,0,0
BRDA:97,10,1,0
BRDA:100,11,0,0
BRDA:100,11,1,0
BRDA:111,12,0,0
BRDA:111,12,1,0
BRDA:136,13,0,0
BRDA:136,13,1,0
BRDA:159,14,0,0
BRDA:159,14,1,0
BRDA:199,15,0,0
BRDA:199,15,1,0
BRDA:223,16,0,0
BRDA:223,16,1,0
BRDA:226,17,0,0
BRDA:226,17,1,0
BRDA:229,18,0,0
BRDA:229,18,1,0
BRDA:233,19,0,0
BRDA:233,19,1,0
BRF:44
BRH:1
end_of_record
TN:
SF:src\components\ModalTextoLivre.jsx
FN:3,(anonymous_0)
FN:9,(anonymous_1)
FN:31,(anonymous_2)
FNF:3
FNH:1
FNDA:5,(anonymous_0)
FNDA:0,(anonymous_1)
FNDA:0,(anonymous_2)
DA:3,2
DA:4,5
DA:5,5
DA:7,5
DA:9,1
DA:10,0
DA:11,0
DA:12,0
DA:14,0
DA:18,1
DA:31,0
LF:11
LH:6
BRDA:7,0,0,4
BRDA:7,0,1,1
BRDA:39,1,0,0
BRDA:39,1,1,1
BRF:4
BRH:3
end_of_record
TN:
SF:src\components\NotaFiscalUpload.jsx
FN:4,(anonymous_0)
FN:15,(anonymous_1)
FN:28,(anonymous_2)
FN:57,(anonymous_3)
FN:69,(anonymous_4)
FNF:5
FNH:4
FNDA:9,(anonymous_0)
FNDA:1,(anonymous_1)
FNDA:1,(anonymous_2)
FNDA:1,(anonymous_3)
FNDA:0,(anonymous_4)
DA:4,3
DA:5,9
DA:6,9
DA:7,9
DA:8,9
DA:9,9
DA:11,9
DA:13,5
DA:15,5
DA:16,1
DA:17,1
DA:18,1
DA:19,0
DA:20,0
DA:21,0
DA:22,0
DA:24,1
DA:25,1
DA:28,5
DA:29,1
DA:30,1
DA:31,1
DA:32,1
DA:35,1
DA:36,1
DA:38,1
DA:39,1
DA:41,1
DA:43,0
DA:44,0
DA:45,1
DA:48,5
DA:57,1
DA:69,0
LF:34
LH:27
BRDA:11,0,0,4
BRDA:11,0,1,5
BRDA:17,1,0,0
BRDA:17,1,1,1
BRDA:18,2,0,0
BRDA:18,2,1,1
BRDA:18,3,0,1
BRDA:18,3,1,0
BRDA:29,4,0,0
BRDA:29,4,1,1
BRDA:41,5,0,1
BRDA:41,5,1,0
BRDA:57,6,0,1
BRDA:57,6,1,1
BRDA:58,7,0,5
BRDA:58,7,1,0
BRDA:60,8,0,0
BRDA:60,8,1,5
BRDA:66,9,0,0
BRDA:66,9,1,0
BRDA:67,10,0,0
BRDA:67,10,1,0
BRDA:67,11,0,0
BRDA:67,11,1,0
BRDA:77,12,0,5
BRDA:77,12,1,1
BRDA:88,13,0,1
BRDA:88,13,1,4
BRF:28
BRH:15
end_of_record
TN:
SF:src\components\SimpleModal.jsx
FN:3,(anonymous_0)
FN:4,(anonymous_1)
FN:9,(anonymous_2)
FN:19,(anonymous_3)
FN:38,(anonymous_4)
FNF:5
FNH:1
FNDA:2,(anonymous_0)
FNDA:0,(anonymous_1)
FNDA:0,(anonymous_2)
FNDA:0,(anonymous_3)
FNDA:0,(anonymous_4)
DA:3,1
DA:4,2
DA:5,0
DA:6,0
DA:9,0
DA:10,0
DA:11,0
DA:15,0
DA:16,0
DA:17,0
DA:19,0
DA:20,0
DA:21,0
DA:25,2
DA:26,1
DA:29,1
DA:38,0
LF:17
LH:5
BRDA:3,0,0,2
BRDA:5,1,0,0
BRDA:5,1,1,0
BRDA:10,2,0,0
BRDA:10,2,1,0
BRDA:25,3,0,1
BRDA:25,3,1,1
BRDA:45,4,0,1
BRDA:45,4,1,0
BRF:9
BRH:4
end_of_record
TN:
SF:src\components\VoiceFeedback.jsx
FN:3,(anonymous_0)
FNF:1
FNH:1
FNDA:3,(anonymous_0)
DA:3,1
DA:4,3
DA:6,1
DA:7,1
DA:9,1
LF:5
LH:5
BRDA:4,0,0,2
BRDA:4,0,1,1
BRDA:4,1,0,3
BRDA:4,1,1,2
BRDA:6,2,0,0
BRDA:6,2,1,1
BRDA:7,3,0,0
BRDA:7,3,1,1
BRDA:11,4,0,1
BRDA:11,4,1,0
BRDA:11,4,2,0
BRF:11
BRH:7
end_of_record
TN:
SF:src\hooks\useHistorico.js
FN:7,(anonymous_0)
FN:9,(anonymous_1)
FN:13,(anonymous_2)
FN:18,createHistoricoAPI
FN:19,(anonymous_4)
FN:20,(anonymous_5)
FN:22,(anonymous_6)
FN:23,(anonymous_7)
FN:25,(anonymous_8)
FN:44,(anonymous_9)
FN:49,(anonymous_10)
FN:59,(anonymous_11)
FN:65,(anonymous_12)
FN:65,(anonymous_13)
FN:70,(anonymous_14)
FN:77,(anonymous_15)
FN:86,(anonymous_16)
FN:105,(anonymous_17)
FN:106,(anonymous_18)
FN:109,(anonymous_19)
FN:110,(anonymous_20)
FN:113,(anonymous_21)
FN:116,(anonymous_22)
FN:122,(anonymous_23)
FN:124,(anonymous_24)
FN:130,useHistorico
FNF:26
FNH:23
FNDA:64,(anonymous_0)
FNDA:72,(anonymous_1)
FNDA:65,(anonymous_2)
FNDA:13,createHistoricoAPI
FNDA:9,(anonymous_4)
FNDA:8,(anonymous_5)
FNDA:63,(anonymous_6)
FNDA:57,(anonymous_7)
FNDA:8,(anonymous_8)
FNDA:1,(anonymous_9)
FNDA:6,(anonymous_10)
FNDA:6,(anonymous_11)
FNDA:4,(anonymous_12)
FNDA:3,(anonymous_13)
FNDA:56,(anonymous_14)
FNDA:57,(anonymous_15)
FNDA:57,(anonymous_16)
FNDA:6,(anonymous_17)
FNDA:49,(anonymous_18)
FNDA:0,(anonymous_19)
FNDA:0,(anonymous_20)
FNDA:1,(anonymous_21)
FNDA:1,(anonymous_22)
FNDA:3,(anonymous_23)
FNDA:0,(anonymous_24)
FNDA:13,useHistorico
DA:3,2
DA:4,2
DA:5,2
DA:7,64
DA:9,2
DA:10,72
DA:13,2
DA:14,65
DA:19,13
DA:20,13
DA:22,63
DA:23,57
DA:25,13
DA:26,8
DA:27,8
DA:28,8
DA:29,8
DA:30,8
DA:31,8
DA:32,8
DA:33,8
DA:34,8
DA:35,8
DA:36,8
DA:37,8
DA:38,8
DA:39,8
DA:40,8
DA:41,0
DA:44,13
DA:45,1
DA:46,1
DA:47,1
DA:48,1
DA:49,1
DA:50,6
DA:51,6
DA:52,6
DA:53,6
DA:54,6
DA:55,6
DA:57,1
DA:58,1
DA:59,1
DA:60,6
DA:61,6
DA:62,6
DA:65,4
DA:66,1
DA:67,0
DA:70,13
DA:71,56
DA:72,56
DA:73,56
DA:74,56
DA:75,56
DA:76,56
DA:77,57
DA:78,56
DA:86,57
DA:98,56
DA:99,56
DA:100,56
DA:101,56
DA:102,0
DA:105,13
DA:106,49
DA:109,13
DA:110,0
DA:113,13
DA:114,1
DA:115,1
DA:116,1
DA:117,1
DA:118,1
DA:119,0
DA:122,13
DA:124,13
DA:126,13
DA:132,13
LF:80
LH:75
BRDA:10,0,0,61
BRDA:10,0,1,11
BRDA:25,1,0,0
BRDA:28,2,0,8
BRDA:28,2,1,0
BRDA:28,2,2,0
BRDA:29,3,0,8
BRDA:29,3,1,0
BRDA:31,4,0,8
BRDA:31,4,1,8
BRDA:31,5,0,8
BRDA:31,5,1,0
BRDA:33,6,0,8
BRDA:33,6,1,0
BRDA:34,7,0,8
BRDA:34,7,1,0
BRDA:34,7,2,0
BRDA:35,8,0,8
BRDA:35,8,1,0
BRDA:36,9,0,8
BRDA:36,9,1,8
BRDA:44,10,0,0
BRDA:46,11,0,1
BRDA:46,11,1,0
BRDA:50,12,0,6
BRDA:50,12,1,0
BRDA:51,13,0,6
BRDA:51,13,1,0
BRDA:52,14,0,6
BRDA:52,14,1,0
BRDA:58,15,0,1
BRDA:58,15,1,0
BRDA:60,16,0,6
BRDA:60,16,1,0
BRDA:61,17,0,6
BRDA:61,17,1,0
BRDA:62,18,0,6
BRDA:62,18,1,3
BRDA:62,18,2,3
BRDA:70,19,0,0
BRDA:70,20,0,0
BRDA:70,21,0,0
BRDA:70,22,0,56
BRDA:72,23,0,56
BRDA:72,23,1,0
BRDA:73,24,0,0
BRDA:73,24,1,56
BRDA:73,25,0,56
BRDA:73,25,1,0
BRDA:77,26,0,57
BRDA:77,26,1,0
BRDA:80,27,0,56
BRDA:80,27,1,0
BRDA:83,28,0,56
BRDA:83,28,1,56
BRDA:84,29,0,56
BRDA:84,29,1,56
BRDA:85,30,0,56
BRDA:85,30,1,55
BRDA:92,31,0,57
BRDA:92,31,1,57
BRDA:92,32,0,57
BRDA:92,32,1,0
BRDA:93,33,0,57
BRDA:93,33,1,57
BRDA:99,34,0,2
BRDA:99,34,1,54
BRDA:106,35,0,6
BRDA:106,35,1,0
BRDA:110,36,0,0
BRDA:110,36,1,0
BRDA:110,37,0,0
BRDA:110,37,1,0
BRDA:115,38,0,1
BRDA:115,38,1,0
BRF:75
BRH:43
end_of_record
TN:
SF:src\hooks\useLLMParser.js
FN:7,(anonymous_0)
FN:43,(anonymous_1)
FN:57,(anonymous_2)
FN:71,(anonymous_3)
FN:78,(anonymous_4)
FN:100,(anonymous_5)
FN:109,(anonymous_6)
FN:124,(anonymous_7)
FN:178,(anonymous_8)
FN:192,(anonymous_9)
FN:239,(anonymous_10)
FN:246,(anonymous_11)
FN:250,(anonymous_12)
FN:304,(anonymous_13)
FN:317,(anonymous_14)
FN:342,(anonymous_15)
FN:345,(anonymous_16)
FN:377,(anonymous_17)
FNF:18
FNH:18
FNDA:11,(anonymous_0)
FNDA:18,(anonymous_1)
FNDA:49,(anonymous_2)
FNDA:40,(anonymous_3)
FNDA:1240,(anonymous_4)
FNDA:27,(anonymous_5)
FNDA:28,(anonymous_6)
FNDA:28,(anonymous_7)
FNDA:1,(anonymous_8)
FNDA:10,(anonymous_9)
FNDA:8,(anonymous_10)
FNDA:1,(anonymous_11)
FNDA:40,(anonymous_12)
FNDA:9,(anonymous_13)
FNDA:1,(anonymous_14)
FNDA:17,(anonymous_15)
FNDA:15,(anonymous_16)
FNDA:18,(anonymous_17)
DA:4,9
DA:7,9
DA:8,11
DA:9,11
DA:10,11
DA:11,11
DA:17,11
DA:19,1
DA:20,1
DA:21,1
DA:22,1
DA:23,1
DA:26,10
DA:27,10
DA:28,10
DA:32,9
DA:37,9
DA:43,9
DA:45,18
DA:46,18
DA:47,18
DA:48,18
DA:53,0
DA:57,9
DA:58,49
DA:59,40
DA:60,40
DA:61,40
DA:65,9
DA:71,9
DA:72,40
DA:73,40
DA:75,40
DA:76,40
DA:78,40
DA:79,1240
DA:80,1240
DA:81,1080
DA:82,1080
DA:84,40
DA:87,9
DA:98,9
DA:100,9
DA:101,27
DA:102,27
DA:103,27
DA:104,19
DA:105,19
DA:109,9
DA:110,28
DA:117,9
DA:119,9
DA:124,9
DA:126,28
DA:128,28
DA:129,28
DA:130,28
DA:133,28
DA:136,28
DA:137,11
DA:138,11
DA:139,11
DA:140,11
DA:143,17
DA:144,17
DA:145,2
DA:146,2
DA:149,15
DA:152,15
DA:153,0
DA:154,0
DA:155,0
DA:156,0
DA:162,28
DA:165,28
DA:166,28
DA:170,28
DA:174,9
DA:179,1
DA:180,1
DA:181,1
DA:182,1
DA:193,10
DA:194,10
DA:195,10
DA:196,10
DA:199,10
DA:200,10
DA:203,10
DA:204,2
DA:205,2
DA:206,2
DA:207,2
DA:210,8
DA:211,8
DA:212,3
DA:213,3
DA:218,10
DA:219,10
DA:220,0
DA:221,0
DA:222,0
DA:223,0
DA:227,10
DA:228,10
DA:229,10
DA:230,10
DA:240,8
DA:246,1
DA:250,9
DA:251,40
DA:254,40
DA:255,0
DA:256,0
DA:257,0
DA:258,0
DA:266,40
DA:267,40
DA:268,129
DA:269,129
DA:270,20
DA:271,20
DA:273,20
DA:275,20
DA:276,20
DA:280,0
DA:287,20
DA:288,20
DA:289,20
DA:290,20
DA:291,20
DA:292,20
DA:296,0
DA:300,0
DA:304,9
DA:305,9
DA:307,8
DA:308,8
DA:309,7
DA:310,0
DA:311,0
DA:317,1
DA:318,1
DA:319,1
DA:320,1
DA:321,1
DA:322,53
DA:323,53
DA:324,52
DA:325,1
DA:326,1
DA:327,1
DA:331,0
DA:334,1
DA:335,1
DA:336,1
DA:338,0
DA:342,9
DA:343,17
DA:344,16
DA:346,15
DA:348,15
DA:349,12
DA:350,12
DA:351,12
DA:359,12
DA:360,12
DA:361,12
DA:362,12
DA:363,12
DA:364,12
DA:365,12
DA:366,11
DA:367,11
DA:368,11
DA:371,16
DA:374,9
DA:375,9
DA:377,9
DA:378,18
DA:381,18
DA:382,0
DA:384,0
DA:385,0
DA:386,0
DA:390,18
DA:391,18
DA:392,17
DA:394,17
DA:395,3
DA:396,3
DA:397,3
DA:401,14
DA:402,11
DA:403,11
DA:404,11
DA:406,3
DA:409,1
DA:412,4
DA:413,4
DA:414,4
DA:415,4
DA:421,9
DA:423,9
LF:204
LH:180
BRDA:4,0,0,9
BRDA:4,0,1,9
BRDA:4,0,2,9
BRDA:4,0,3,9
BRDA:4,0,4,9
BRDA:4,0,5,0
BRDA:4,0,6,9
BRDA:9,1,0,0
BRDA:9,1,1,11
BRDA:17,2,0,1
BRDA:17,2,1,10
BRDA:21,3,0,1
BRDA:21,3,1,0
BRDA:28,4,0,1
BRDA:28,4,1,9
BRDA:28,5,0,10
BRDA:28,5,1,10
BRDA:32,6,0,9
BRDA:32,6,1,9
BRDA:32,6,2,3
BRDA:32,6,3,3
BRDA:32,6,4,3
BRDA:32,6,5,3
BRDA:32,6,6,1
BRDA:32,6,7,1
BRDA:32,6,8,0
BRDA:32,6,9,2
BRDA:32,6,10,2
BRDA:32,6,11,1
BRDA:32,6,12,1
BRDA:32,6,13,1
BRDA:32,6,14,1
BRDA:32,6,15,1
BRDA:35,7,0,0
BRDA:35,7,1,1
BRDA:47,8,0,18
BRDA:47,8,1,0
BRDA:47,9,0,18
BRDA:47,9,1,18
BRDA:58,10,0,9
BRDA:58,10,1,40
BRDA:61,11,0,40
BRDA:61,11,1,0
BRDA:72,12,0,0
BRDA:72,12,1,40
BRDA:72,13,0,40
BRDA:72,13,1,40
BRDA:80,14,0,160
BRDA:80,14,1,1080
BRDA:80,15,0,1240
BRDA:80,15,1,1200
BRDA:80,15,2,1160
BRDA:80,15,3,1120
BRDA:101,16,0,0
BRDA:101,16,1,27
BRDA:103,17,0,8
BRDA:103,17,1,19
BRDA:104,18,0,19
BRDA:104,18,1,17
BRDA:105,19,0,19
BRDA:105,19,1,0
BRDA:136,20,0,11
BRDA:136,20,1,17
BRDA:139,21,0,11
BRDA:139,21,1,0
BRDA:144,22,0,2
BRDA:144,22,1,15
BRDA:152,23,0,0
BRDA:152,23,1,15
BRDA:155,24,0,0
BRDA:155,24,1,0
BRDA:162,25,0,28
BRDA:162,25,1,0
BRDA:165,26,0,28
BRDA:165,26,1,0
BRDA:166,27,0,1
BRDA:166,27,1,27
BRDA:170,28,0,28
BRDA:170,28,1,0
BRDA:170,29,0,28
BRDA:170,29,1,8
BRDA:179,30,0,1
BRDA:179,30,1,0
BRDA:180,31,0,1
BRDA:180,31,1,0
BRDA:180,31,2,0
BRDA:180,32,0,0
BRDA:180,32,1,0
BRDA:180,33,0,0
BRDA:180,33,1,0
BRDA:181,34,0,1
BRDA:181,34,1,0
BRDA:193,35,0,10
BRDA:193,35,1,0
BRDA:194,36,0,10
BRDA:194,36,1,9
BRDA:195,37,0,10
BRDA:195,37,1,10
BRDA:196,38,0,0
BRDA:196,38,1,10
BRDA:196,39,0,0
BRDA:196,39,1,0
BRDA:203,40,0,2
BRDA:203,40,1,8
BRDA:204,41,0,2
BRDA:204,41,1,0
BRDA:206,42,0,2
BRDA:206,42,1,0
BRDA:211,43,0,3
BRDA:211,43,1,5
BRDA:212,44,0,3
BRDA:212,44,1,0
BRDA:213,45,0,3
BRDA:213,45,1,0
BRDA:219,46,0,0
BRDA:219,46,1,10
BRDA:220,47,0,0
BRDA:220,47,1,0
BRDA:221,48,0,0
BRDA:221,48,1,0
BRDA:222,49,0,0
BRDA:222,49,1,0
BRDA:223,50,0,0
BRDA:223,50,1,0
BRDA:223,51,0,0
BRDA:223,51,1,0
BRDA:223,52,0,0
BRDA:223,52,1,0
BRDA:229,53,0,2
BRDA:229,53,1,8
BRDA:240,54,0,8
BRDA:240,54,1,0
BRDA:246,55,0,1
BRDA:246,55,1,0
BRDA:250,56,0,31
BRDA:251,57,0,0
BRDA:251,57,1,40
BRDA:251,58,0,40
BRDA:251,58,1,40
BRDA:254,59,0,0
BRDA:254,59,1,40
BRDA:257,60,0,0
BRDA:257,60,1,0
BRDA:269,61,0,20
BRDA:269,61,1,109
BRDA:273,62,0,20
BRDA:273,62,1,0
BRDA:273,63,0,20
BRDA:273,63,1,20
BRDA:275,64,0,20
BRDA:275,64,1,0
BRDA:275,65,0,20
BRDA:275,65,1,20
BRDA:289,66,0,20
BRDA:289,66,1,0
BRDA:289,67,0,20
BRDA:289,67,1,20
BRDA:305,68,0,1
BRDA:305,68,1,8
BRDA:309,69,0,7
BRDA:309,69,1,0
BRDA:310,70,0,0
BRDA:310,70,1,0
BRDA:310,71,0,0
BRDA:310,71,1,0
BRDA:311,72,0,0
BRDA:311,72,1,0
BRDA:311,73,0,0
BRDA:311,73,1,0
BRDA:319,74,0,0
BRDA:319,74,1,1
BRDA:323,75,0,1
BRDA:323,75,1,52
BRDA:324,76,0,1
BRDA:324,76,1,51
BRDA:326,77,0,1
BRDA:326,77,1,0
BRDA:335,78,0,1
BRDA:335,78,1,0
BRDA:336,79,0,1
BRDA:336,79,1,0
BRDA:343,80,0,1
BRDA:343,80,1,16
BRDA:346,81,0,0
BRDA:346,81,1,15
BRDA:346,82,0,15
BRDA:346,82,1,15
BRDA:348,83,0,3
BRDA:348,83,1,12
BRDA:349,84,0,12
BRDA:349,84,1,2
BRDA:349,84,2,0
BRDA:350,85,0,12
BRDA:350,85,1,5
BRDA:350,85,2,1
BRDA:351,86,0,11
BRDA:351,86,1,1
BRDA:359,87,0,12
BRDA:359,87,1,4
BRDA:359,87,2,0
BRDA:360,88,0,11
BRDA:360,88,1,1
BRDA:360,89,0,1
BRDA:360,89,1,1
BRDA:361,90,0,12
BRDA:361,90,1,4
BRDA:361,90,2,3
BRDA:362,91,0,12
BRDA:362,91,1,9
BRDA:362,91,2,6
BRDA:363,92,0,6
BRDA:363,92,1,6
BRDA:363,93,0,12
BRDA:363,93,1,6
BRDA:363,94,0,6
BRDA:363,94,1,1
BRDA:364,95,0,0
BRDA:364,95,1,12
BRDA:365,96,0,1
BRDA:365,96,1,11
BRDA:367,97,0,0
BRDA:367,97,1,11
BRDA:381,98,0,0
BRDA:381,98,1,18
BRDA:381,99,0,18
BRDA:381,99,1,18
BRDA:394,100,0,3
BRDA:394,100,1,14
BRDA:394,101,0,17
BRDA:394,101,1,17
BRDA:394,101,2,14
BRDA:401,102,0,11
BRDA:401,102,1,3
BRDA:401,103,0,14
BRDA:401,103,1,14
BRF:235
BRH:161
end_of_record
TN:
SF:src\hooks\usePerfilFamiliar.js
FN:3,(anonymous_0)
FN:13,(anonymous_1)
FN:24,createPerfilFamiliarAPI
FN:25,(anonymous_3)
FN:27,(anonymous_4)
FN:32,(anonymous_5)
FN:44,(anonymous_6)
FN:53,(anonymous_7)
FN:59,(anonymous_8)
FN:64,(anonymous_9)
FN:68,(anonymous_10)
FN:100,usePerfilFamiliar
FNF:12
FNH:2
FNDA:0,(anonymous_0)
FNDA:0,(anonymous_1)
FNDA:6,createPerfilFamiliarAPI
FNDA:0,(anonymous_3)
FNDA:0,(anonymous_4)
FNDA:0,(anonymous_5)
FNDA:0,(anonymous_6)
FNDA:0,(anonymous_7)
FNDA:0,(anonymous_8)
FNDA:0,(anonymous_9)
FNDA:0,(anonymous_10)
FNDA:6,usePerfilFamiliar
DA:1,1
DA:3,1
DA:4,0
DA:5,0
DA:6,0
DA:8,0
DA:9,0
DA:13,1
DA:14,0
DA:15,0
DA:17,0
DA:22,1
DA:25,6
DA:27,6
DA:28,0
DA:29,0
DA:32,6
DA:33,0
DA:34,0
DA:36,0
DA:44,6
DA:45,0
DA:46,0
DA:53,6
DA:54,0
DA:56,0
DA:58,0
DA:61,0
DA:62,0
DA:63,0
DA:64,0
DA:66,0
DA:69,0
DA:73,0
DA:74,0
DA:76,0
DA:80,0
DA:81,0
DA:82,0
DA:83,0
DA:86,0
DA:90,6
DA:101,6
LF:43
LH:11
BRDA:6,0,0,0
BRDA:6,0,1,0
BRDA:45,1,0,0
BRDA:45,1,1,0
BRDA:46,2,0,0
BRDA:46,2,1,0
BRDA:54,3,0,0
BRDA:54,3,1,0
BRDA:54,4,0,0
BRDA:54,4,1,0
BRDA:56,5,0,0
BRDA:56,5,1,0
BRDA:61,6,0,0
BRDA:61,6,1,0
BRDA:62,7,0,0
BRDA:62,7,1,0
BRDA:64,8,0,0
BRDA:64,8,1,0
BRDA:69,9,0,0
BRDA:69,9,1,0
BRDA:73,10,0,0
BRDA:73,10,1,0
BRDA:73,11,0,0
BRDA:73,11,1,0
BRDA:80,12,0,0
BRDA:80,12,1,0
BRDA:80,13,0,0
BRDA:80,13,1,0
BRDA:80,13,2,0
BRDA:82,14,0,0
BRDA:82,14,1,0
BRF:31
BRH:0
end_of_record
TN:
SF:src\hooks\useShoppingList.js
FN:6,(anonymous_0)
FN:12,(anonymous_1)
FN:16,(anonymous_2)
FN:20,(anonymous_3)
FN:21,(anonymous_4)
FN:22,(anonymous_5)
FN:28,(anonymous_6)
FN:29,(anonymous_7)
FN:37,useShoppingList
FN:40,(anonymous_9)
FN:42,(anonymous_10)
FN:43,(anonymous_11)
FN:52,(anonymous_12)
FN:80,(anonymous_13)
FN:80,(anonymous_14)
FN:80,(anonymous_15)
FN:82,(anonymous_16)
FN:83,(anonymous_17)
FN:85,(anonymous_18)
FN:89,(anonymous_19)
FN:90,(anonymous_20)
FN:94,(anonymous_21)
FN:94,(anonymous_22)
FN:94,(anonymous_23)
FN:96,(anonymous_24)
FN:96,(anonymous_25)
FN:96,(anonymous_26)
FN:98,(anonymous_27)
FN:101,(anonymous_28)
FN:103,(anonymous_29)
FN:106,(anonymous_30)
FN:113,(anonymous_31)
FN:113,(anonymous_32)
FN:113,(anonymous_33)
FN:128,(anonymous_34)
FN:128,(anonymous_35)
FN:128,(anonymous_36)
FN:130,(anonymous_37)
FN:132,(anonymous_38)
FN:137,(anonymous_39)
FN:173,(anonymous_40)
FN:177,(anonymous_41)
FN:182,(anonymous_42)
FN:182,(anonymous_43)
FN:182,(anonymous_44)
FN:183,(anonymous_45)
FN:183,(anonymous_46)
FN:184,(anonymous_47)
FN:185,(anonymous_48)
FNF:49
FNH:11
FNDA:0,(anonymous_0)
FNDA:0,(anonymous_1)
FNDA:0,(anonymous_2)
FNDA:5,(anonymous_3)
FNDA:11,(anonymous_4)
FNDA:4,(anonymous_5)
FNDA:3,(anonymous_6)
FNDA:4,(anonymous_7)
FNDA:0,useShoppingList
FNDA:0,(anonymous_9)
FNDA:0,(anonymous_10)
FNDA:0,(anonymous_11)
FNDA:0,(anonymous_12)
FNDA:0,(anonymous_13)
FNDA:0,(anonymous_14)
FNDA:0,(anonymous_15)
FNDA:0,(anonymous_16)
FNDA:0,(anonymous_17)
FNDA:0,(anonymous_18)
FNDA:0,(anonymous_19)
FNDA:0,(anonymous_20)
FNDA:0,(anonymous_21)
FNDA:0,(anonymous_22)
FNDA:0,(anonymous_23)
FNDA:0,(anonymous_24)
FNDA:0,(anonymous_25)
FNDA:0,(anonymous_26)
FNDA:0,(anonymous_27)
FNDA:0,(anonymous_28)
FNDA:0,(anonymous_29)
FNDA:0,(anonymous_30)
FNDA:0,(anonymous_31)
FNDA:0,(anonymous_32)
FNDA:0,(anonymous_33)
FNDA:0,(anonymous_34)
FNDA:0,(anonymous_35)
FNDA:0,(anonymous_36)
FNDA:0,(anonymous_37)
FNDA:0,(anonymous_38)
FNDA:0,(anonymous_39)
FNDA:4,(anonymous_40)
FNDA:4,(anonymous_41)
FNDA:0,(anonymous_42)
FNDA:0,(anonymous_43)
FNDA:0,(anonymous_44)
FNDA:1,(anonymous_45)
FNDA:1,(anonymous_46)
FNDA:2,(anonymous_47)
FNDA:2,(anonymous_48)
DA:4,2
DA:6,2
DA:7,0
DA:8,0
DA:9,0
DA:10,0
DA:12,0
DA:13,0
DA:16,2
DA:17,0
DA:20,5
DA:21,11
DA:23,4
DA:24,4
DA:25,4
DA:28,3
DA:30,4
DA:31,4
DA:32,4
DA:38,0
DA:40,0
DA:42,0
DA:43,0
DA:44,0
DA:45,0
DA:46,0
DA:47,0
DA:48,0
DA:49,0
DA:50,0
DA:52,0
DA:53,0
DA:54,0
DA:55,0
DA:56,0
DA:58,0
DA:59,0
DA:60,0
DA:76,0
DA:80,0
DA:82,0
DA:83,0
DA:84,0
DA:85,0
DA:86,0
DA:87,0
DA:88,0
DA:89,0
DA:90,0
DA:94,0
DA:96,0
DA:98,0
DA:100,0
DA:101,0
DA:102,0
DA:103,0
DA:104,0
DA:105,0
DA:106,0
DA:108,0
DA:110,0
DA:113,0
DA:114,0
DA:115,0
DA:116,0
DA:117,0
DA:118,0
DA:128,0
DA:130,0
DA:132,0
DA:134,0
DA:135,0
DA:137,0
DA:138,0
DA:139,0
DA:140,0
DA:141,0
DA:142,0
DA:143,0
DA:144,0
DA:145,0
DA:146,0
DA:147,0
DA:150,0
DA:151,0
DA:154,0
DA:173,2
DA:174,4
DA:175,4
DA:176,4
DA:177,4
DA:179,4
DA:180,4
DA:181,0
DA:182,0
DA:183,2
DA:184,2
DA:185,2
DA:186,0
DA:189,4
DA:191,0
DA:192,0
DA:193,0
DA:194,0
DA:195,0
DA:209,4
LF:106
LH:24
BRDA:9,0,0,0
BRDA:9,0,1,0
BRDA:20,1,0,0
BRDA:23,2,0,4
BRDA:23,2,1,0
BRDA:24,3,0,4
BRDA:24,3,1,0
BRDA:28,4,0,0
BRDA:30,5,0,4
BRDA:30,5,1,1
BRDA:31,6,0,4
BRDA:31,6,1,0
BRDA:46,7,0,0
BRDA:46,7,1,0
BRDA:48,8,0,0
BRDA:48,8,1,0
BRDA:49,9,0,0
BRDA:49,9,1,0
BRDA:50,10,0,0
BRDA:50,10,1,0
BRDA:52,11,0,0
BRDA:52,11,1,0
BRDA:53,12,0,0
BRDA:53,12,1,0
BRDA:55,13,0,0
BRDA:55,13,1,0
BRDA:56,14,0,0
BRDA:56,14,1,0
BRDA:58,15,0,0
BRDA:58,15,1,0
BRDA:58,16,0,0
BRDA:58,16,1,0
BRDA:59,17,0,0
BRDA:59,17,1,0
BRDA:62,18,0,0
BRDA:62,18,1,0
BRDA:63,19,0,0
BRDA:63,19,1,0
BRDA:63,20,0,0
BRDA:63,20,1,0
BRDA:63,21,0,0
BRDA:63,21,1,0
BRDA:66,22,0,0
BRDA:66,22,1,0
BRDA:71,23,0,0
BRDA:71,23,1,0
BRDA:72,24,0,0
BRDA:72,24,1,0
BRDA:82,25,0,0
BRDA:86,26,0,0
BRDA:86,26,1,0
BRDA:88,27,0,0
BRDA:88,27,1,0
BRDA:89,28,0,0
BRDA:89,28,1,0
BRDA:90,29,0,0
BRDA:90,29,1,0
BRDA:94,30,0,0
BRDA:94,30,1,0
BRDA:96,31,0,0
BRDA:96,31,1,0
BRDA:104,32,0,0
BRDA:104,32,1,0
BRDA:106,33,0,0
BRDA:106,33,1,0
BRDA:114,34,0,0
BRDA:114,34,1,0
BRDA:116,35,0,0
BRDA:116,35,1,0
BRDA:116,36,0,0
BRDA:116,36,1,0
BRDA:117,37,0,0
BRDA:117,37,1,0
BRDA:122,38,0,0
BRDA:122,38,1,0
BRDA:123,39,0,0
BRDA:123,39,1,0
BRDA:123,40,0,0
BRDA:123,40,1,0
BRDA:124,41,0,0
BRDA:124,41,1,0
BRDA:124,42,0,0
BRDA:124,42,1,0
BRDA:128,43,0,0
BRDA:128,43,1,0
BRDA:141,44,0,0
BRDA:141,44,1,0
BRDA:141,44,2,0
BRDA:141,44,3,0
BRDA:141,44,4,0
BRDA:141,44,5,0
BRDA:142,45,0,0
BRDA:142,45,1,0
BRDA:143,46,0,0
BRDA:143,46,1,0
BRDA:143,47,0,0
BRDA:143,47,1,0
BRDA:144,48,0,0
BRDA:144,48,1,0
BRDA:144,49,0,0
BRDA:144,49,1,0
BRDA:144,50,0,0
BRDA:144,50,1,0
BRDA:144,51,0,0
BRDA:144,51,1,0
BRDA:145,52,0,0
BRDA:145,52,1,0
BRDA:146,53,0,0
BRDA:146,53,1,0
BRDA:150,54,0,0
BRDA:150,54,1,0
BRDA:151,55,0,0
BRDA:151,55,1,0
BRDA:177,56,0,4
BRDA:177,56,1,0
BRDA:180,57,0,0
BRDA:180,57,1,0
BRDA:180,57,2,2
BRDA:180,57,3,1
BRDA:180,57,4,1
BRDA:180,57,5,0
BRDA:181,58,0,0
BRDA:181,58,1,0
BRDA:182,59,0,0
BRDA:182,59,1,0
BRDA:182,60,0,0
BRDA:182,60,1,0
BRDA:182,61,0,0
BRDA:182,61,1,0
BRDA:182,62,0,0
BRDA:182,62,1,0
BRDA:182,63,0,0
BRDA:182,63,1,0
BRDA:182,64,0,0
BRDA:182,64,1,0
BRDA:183,65,0,2
BRDA:183,65,1,0
BRDA:183,66,0,2
BRDA:183,66,1,2
BRDA:183,67,0,0
BRDA:183,67,1,2
BRDA:183,68,0,1
BRDA:183,68,1,1
BRDA:183,69,0,1
BRDA:183,69,1,0
BRDA:183,70,0,1
BRDA:183,70,1,1
BRDA:184,71,0,1
BRDA:184,71,1,0
BRDA:184,72,0,1
BRDA:184,72,1,1
BRDA:185,73,0,1
BRDA:185,73,1,0
BRDA:185,74,0,1
BRDA:185,74,1,1
BRDA:189,75,0,0
BRDA:189,75,1,4
BRDA:192,76,0,0
BRDA:192,76,1,0
BRDA:193,77,0,0
BRDA:193,77,1,0
BRDA:193,78,0,0
BRDA:193,78,1,0
BRDA:194,79,0,0
BRDA:194,79,1,0
BRDA:197,80,0,0
BRDA:197,80,1,0
BRDA:199,81,0,0
BRDA:199,81,1,0
BRDA:200,82,0,0
BRDA:200,82,1,0
BRDA:209,83,0,4
BRDA:209,83,1,0
BRF:173
BRH:26
end_of_record
TN:
SF:src\hooks\useTemplates.js
FN:14,(anonymous_0)
FN:24,(anonymous_1)
FN:102,(anonymous_2)
FN:104,(anonymous_3)
FN:108,(anonymous_4)
FN:109,(anonymous_5)
FN:120,(anonymous_6)
FN:126,(anonymous_7)
FN:128,(anonymous_8)
FN:132,(anonymous_9)
FN:135,(anonymous_10)
FN:138,(anonymous_11)
FN:142,(anonymous_12)
FN:159,(anonymous_13)
FN:179,(anonymous_14)
FN:195,createTemplatesAPI
FN:196,(anonymous_16)
FN:198,(anonymous_17)
FN:202,(anonymous_18)
FN:207,(anonymous_19)
FN:210,(anonymous_20)
FN:215,(anonymous_21)
FN:217,(anonymous_22)
FN:240,(anonymous_23)
FN:246,(anonymous_24)
FN:254,(anonymous_25)
FN:256,(anonymous_26)
FN:264,(anonymous_27)
FN:265,(anonymous_28)
FN:280,(anonymous_29)
FN:304,(anonymous_30)
FN:311,useTemplates
FNF:32
FNH:15
FNDA:36,(anonymous_0)
FNDA:9,(anonymous_1)
FNDA:0,(anonymous_2)
FNDA:0,(anonymous_3)
FNDA:0,(anonymous_4)
FNDA:0,(anonymous_5)
FNDA:0,(anonymous_6)
FNDA:0,(anonymous_7)
FNDA:0,(anonymous_8)
FNDA:0,(anonymous_9)
FNDA:0,(anonymous_10)
FNDA:0,(anonymous_11)
FNDA:0,(anonymous_12)
FNDA:0,(anonymous_13)
FNDA:0,(anonymous_14)
FNDA:13,createTemplatesAPI
FNDA:52,(anonymous_16)
FNDA:26,(anonymous_17)
FNDA:10,(anonymous_18)
FNDA:7,(anonymous_19)
FNDA:30,(anonymous_20)
FNDA:7,(anonymous_21)
FNDA:2,(anonymous_22)
FNDA:11,(anonymous_23)
FNDA:7,(anonymous_24)
FNDA:3,(anonymous_25)
FNDA:3,(anonymous_26)
FNDA:0,(anonymous_27)
FNDA:0,(anonymous_28)
FNDA:0,(anonymous_29)
FNDA:0,(anonymous_30)
FNDA:3,useTemplates
DA:1,2
DA:2,2
DA:4,2
DA:14,2
DA:15,36
DA:16,36
DA:17,34
DA:19,2
DA:20,2
DA:24,2
DA:25,9
DA:26,9
DA:28,1
DA:33,2
DA:102,2
DA:103,0
DA:104,0
DA:105,0
DA:106,0
DA:108,0
DA:109,0
DA:110,0
DA:111,0
DA:112,0
DA:113,0
DA:114,0
DA:115,0
DA:116,0
DA:118,0
DA:119,0
DA:120,0
DA:121,0
DA:123,0
DA:126,2
DA:128,2
DA:129,0
DA:130,0
DA:132,0
DA:133,0
DA:135,0
DA:136,0
DA:138,0
DA:139,0
DA:142,2
DA:143,0
DA:159,0
DA:160,0
DA:161,0
DA:169,0
DA:179,2
DA:180,0
DA:181,0
DA:182,0
DA:183,0
DA:184,0
DA:185,0
DA:186,0
DA:187,0
DA:188,0
DA:190,0
DA:196,52
DA:198,13
DA:199,26
DA:202,13
DA:203,10
DA:204,10
DA:207,13
DA:208,7
DA:209,7
DA:210,30
DA:211,7
DA:212,7
DA:215,13
DA:216,7
DA:217,7
DA:218,7
DA:221,7
DA:222,0
DA:223,0
DA:225,7
DA:233,7
DA:236,7
DA:237,7
DA:240,13
DA:241,11
DA:242,9
DA:243,7
DA:246,7
DA:254,13
DA:255,3
DA:256,3
DA:257,3
DA:258,2
DA:259,2
DA:261,1
DA:264,13
DA:265,0
DA:266,0
DA:268,0
DA:277,0
DA:280,13
DA:281,0
DA:282,0
DA:284,0
DA:288,13
DA:301,2
DA:302,2
DA:304,0
DA:312,3
LF:109
LH:58
BRDA:17,0,0,9
BRDA:17,0,1,25
BRDA:103,1,0,0
BRDA:103,1,1,0
BRDA:105,2,0,0
BRDA:105,2,1,0
BRDA:115,3,0,0
BRDA:115,3,1,0
BRDA:116,4,0,0
BRDA:116,4,1,0
BRDA:116,5,0,0
BRDA:116,5,1,0
BRDA:120,6,0,0
BRDA:120,6,1,0
BRDA:126,7,0,0
BRDA:126,7,1,0
BRDA:129,8,0,0
BRDA:129,8,1,0
BRDA:133,9,0,0
BRDA:133,9,1,0
BRDA:135,10,0,0
BRDA:135,10,1,0
BRDA:136,11,0,0
BRDA:136,11,1,0
BRDA:138,12,0,0
BRDA:138,12,1,0
BRDA:139,13,0,0
BRDA:139,13,1,0
BRDA:162,14,0,0
BRDA:162,14,1,0
BRDA:163,15,0,0
BRDA:163,15,1,0
BRDA:181,16,0,0
BRDA:181,16,1,0
BRDA:183,17,0,0
BRDA:183,17,1,0
BRDA:186,18,0,0
BRDA:186,18,1,0
BRDA:186,19,0,0
BRDA:186,19,1,0
BRDA:208,20,0,0
BRDA:208,20,1,7
BRDA:208,21,0,7
BRDA:208,21,1,0
BRDA:221,22,0,0
BRDA:221,22,1,7
BRDA:227,23,0,7
BRDA:227,23,1,7
BRDA:241,24,0,2
BRDA:241,24,1,9
BRDA:241,25,0,11
BRDA:241,25,1,10
BRDA:242,26,0,2
BRDA:242,26,1,7
BRDA:242,27,0,9
BRDA:242,27,1,8
BRDA:247,28,0,7
BRDA:247,28,1,0
BRDA:248,29,0,7
BRDA:248,29,1,0
BRDA:249,30,0,7
BRDA:249,30,1,0
BRDA:257,31,0,2
BRDA:257,31,1,1
BRDA:266,32,0,0
BRDA:266,32,1,0
BRDA:302,33,0,0
BRDA:302,33,1,2
BRF:68
BRH:21
end_of_record
TN:
SF:src\hooks\useTheme.js
FN:5,useTheme
FN:6,(anonymous_1)
FN:20,(anonymous_2)
FN:25,(anonymous_3)
FN:26,(anonymous_4)
FNF:5
FNH:2
FNDA:3,useTheme
FNDA:3,(anonymous_1)
FNDA:0,(anonymous_2)
FNDA:0,(anonymous_3)
FNDA:0,(anonymous_4)
DA:3,1
DA:6,3
DA:7,3
DA:8,3
DA:9,3
DA:10,3
DA:11,3
DA:13,3
DA:14,3
DA:15,3
DA:18,3
DA:20,3
DA:21,0
DA:22,0
DA:25,3
DA:26,0
DA:29,3
LF:17
LH:14
BRDA:8,0,0,3
BRDA:8,0,1,0
BRDA:11,1,0,0
BRDA:11,1,1,3
BRDA:11,2,0,3
BRDA:11,2,1,3
BRDA:14,3,0,0
BRDA:14,3,1,3
BRDA:26,4,0,0
BRDA:26,4,1,0
BRF:10
BRH:5
end_of_record
TN:
SF:src\hooks\useVoiceRecognition.js
FN:7,logUnrecognized
FN:18,useVoiceRecognition
FN:42,(anonymous_2)
FN:43,(anonymous_3)
FN:51,(anonymous_4)
FN:54,(anonymous_5)
FN:56,(anonymous_6)
FN:60,(anonymous_7)
FN:63,(anonymous_8)
FN:66,(anonymous_9)
FN:72,(anonymous_10)
FN:95,(anonymous_11)
FN:108,(anonymous_12)
FN:115,(anonymous_13)
FN:116,(anonymous_14)
FN:151,(anonymous_15)
FN:162,(anonymous_16)
FN:167,(anonymous_17)
FN:177,(anonymous_18)
FN:184,(anonymous_19)
FN:189,(anonymous_20)
FN:197,(anonymous_21)
FN:204,(anonymous_22)
FNF:23
FNH:0
FNDA:0,logUnrecognized
FNDA:0,useVoiceRecognition
FNDA:0,(anonymous_2)
FNDA:0,(anonymous_3)
FNDA:0,(anonymous_4)
FNDA:0,(anonymous_5)
FNDA:0,(anonymous_6)
FNDA:0,(anonymous_7)
FNDA:0,(anonymous_8)
FNDA:0,(anonymous_9)
FNDA:0,(anonymous_10)
FNDA:0,(anonymous_11)
FNDA:0,(anonymous_12)
FNDA:0,(anonymous_13)
FNDA:0,(anonymous_14)
FNDA:0,(anonymous_15)
FNDA:0,(anonymous_16)
FNDA:0,(anonymous_17)
FNDA:0,(anonymous_18)
FNDA:0,(anonymous_19)
FNDA:0,(anonymous_20)
FNDA:0,(anonymous_21)
FNDA:0,(anonymous_22)
DA:8,0
DA:9,0
DA:10,0
DA:11,0
DA:12,0
DA:13,0
DA:14,0
DA:22,0
DA:23,0
DA:25,0
DA:26,0
DA:27,0
DA:28,0
DA:29,0
DA:30,0
DA:31,0
DA:32,0
DA:35,0
DA:38,0
DA:39,0
DA:42,0
DA:43,0
DA:44,0
DA:45,0
DA:46,0
DA:47,0
DA:50,0
DA:51,0
DA:54,0
DA:55,0
DA:56,0
DA:60,0
DA:61,0
DA:62,0
DA:63,0
DA:66,0
DA:67,0
DA:68,0
DA:72,0
DA:73,0
DA:74,0
DA:75,0
DA:76,0
DA:77,0
DA:78,0
DA:79,0
DA:82,0
DA:83,0
DA:84,0
DA:85,0
DA:89,0
DA:90,0
DA:91,0
DA:92,0
DA:95,0
DA:96,0
DA:99,0
DA:100,0
DA:101,0
DA:103,0
DA:106,0
DA:107,0
DA:108,0
DA:109,0
DA:113,0
DA:114,0
DA:115,0
DA:116,0
DA:117,0
DA:118,0
DA:119,0
DA:122,0
DA:123,0
DA:124,0
DA:125,0
DA:132,0
DA:134,0
DA:135,0
DA:136,0
DA:137,0
DA:139,0
DA:140,0
DA:144,0
DA:145,0
DA:147,0
DA:151,0
DA:152,0
DA:153,0
DA:155,0
DA:156,0
DA:158,0
DA:159,0
DA:160,0
DA:162,0
DA:163,0
DA:164,0
DA:167,0
DA:168,0
DA:169,0
DA:172,0
DA:174,0
DA:176,0
DA:177,0
DA:180,0
DA:184,0
DA:185,0
DA:186,0
DA:189,0
DA:190,0
DA:194,0
DA:197,0
DA:198,0
DA:199,0
DA:201,0
DA:204,0
DA:206,0
LF:116
LH:0
BRDA:11,0,0,0
BRDA:11,0,1,0
BRDA:13,1,0,0
BRDA:13,1,1,0
BRDA:44,2,0,0
BRDA:44,2,1,0
BRDA:44,3,0,0
BRDA:44,3,1,0
BRDA:46,4,0,0
BRDA:46,4,1,0
BRDA:54,5,0,0
BRDA:54,6,0,0
BRDA:62,7,0,0
BRDA:62,7,1,0
BRDA:67,8,0,0
BRDA:67,8,1,0
BRDA:77,9,0,0
BRDA:77,9,1,0
BRDA:82,10,0,0
BRDA:82,10,1,0
BRDA:82,11,0,0
BRDA:82,11,1,0
BRDA:82,11,2,0
BRDA:89,12,0,0
BRDA:89,12,1,0
BRDA:89,13,0,0
BRDA:89,13,1,0
BRDA:89,13,2,0
BRDA:95,14,0,0
BRDA:95,14,1,0
BRDA:96,15,0,0
BRDA:96,15,1,0
BRDA:99,16,0,0
BRDA:99,16,1,0
BRDA:100,17,0,0
BRDA:100,17,1,0
BRDA:107,18,0,0
BRDA:107,18,1,0
BRDA:107,18,2,0
BRDA:108,19,0,0
BRDA:108,19,1,0
BRDA:109,20,0,0
BRDA:109,20,1,0
BRDA:114,21,0,0
BRDA:114,21,1,0
BRDA:115,22,0,0
BRDA:115,22,1,0
BRDA:115,22,2,0
BRDA:118,23,0,0
BRDA:118,23,1,0
BRDA:118,24,0,0
BRDA:118,24,1,0
BRDA:122,25,0,0
BRDA:122,25,1,0
BRDA:124,26,0,0
BRDA:124,26,1,0
BRDA:134,27,0,0
BRDA:134,27,1,0
BRDA:135,28,0,0
BRDA:135,28,1,0
BRDA:152,29,0,0
BRDA:152,29,1,0
BRDA:153,30,0,0
BRDA:153,30,1,0
BRDA:174,31,0,0
BRDA:174,31,1,0
BRDA:198,32,0,0
BRDA:198,32,1,0
BRF:68
BRH:0
end_of_record
TN:
SF:src\utils\intentParser.js
FN:19,parseIntent
FN:87,(anonymous_1)
FNF:2
FNH:2
FNDA:7,parseIntent
FNDA:3,(anonymous_1)
DA:3,3
DA:4,3
DA:5,3
DA:6,3
DA:7,3
DA:20,7
DA:30,7
DA:32,7
DA:33,7
DA:36,7
DA:38,1
DA:39,1
DA:40,1
DA:50,6
DA:51,0
DA:52,0
DA:53,0
DA:64,6
DA:66,1
DA:67,1
DA:69,1
DA:70,1
DA:82,5
DA:85,5
DA:86,3
DA:87,3
DA:88,3
DA:92,3
DA:94,3
DA:95,1
DA:106,2
DA:107,1
DA:117,1
DA:119,1
DA:132,2
DA:133,2
DA:145,0
LF:37
LH:33
BRDA:19,0,0,0
BRDA:30,1,0,0
BRDA:30,1,1,7
BRDA:30,2,0,7
BRDA:30,2,1,7
BRDA:36,3,0,1
BRDA:36,3,1,6
BRDA:45,4,0,1
BRDA:45,4,1,0
BRDA:50,5,0,0
BRDA:50,5,1,6
BRDA:58,6,0,0
BRDA:58,6,1,0
BRDA:59,7,0,0
BRDA:59,7,1,0
BRDA:64,8,0,1
BRDA:64,8,1,5
BRDA:69,9,0,0
BRDA:69,9,1,1
BRDA:77,10,0,1
BRDA:77,10,1,0
BRDA:85,11,0,3
BRDA:85,11,1,2
BRDA:85,12,0,5
BRDA:85,12,1,5
BRDA:88,13,0,3
BRDA:88,13,1,0
BRDA:88,14,0,3
BRDA:88,14,1,0
BRDA:89,15,0,0
BRDA:89,15,1,0
BRDA:92,16,0,3
BRDA:92,16,1,0
BRDA:94,17,0,1
BRDA:94,17,1,2
BRDA:94,18,0,3
BRDA:94,18,1,1
BRDA:94,18,2,1
BRDA:106,19,0,1
BRDA:106,19,1,1
BRDA:117,20,0,1
BRDA:117,20,1,0
BRDA:117,21,0,1
BRDA:117,21,1,0
BRDA:117,21,2,1
BRDA:117,21,3,1
BRDA:117,21,4,1
BRDA:124,22,0,1
BRDA:124,22,1,0
BRDA:132,23,0,2
BRDA:132,23,1,0
BRDA:132,24,0,2
BRDA:132,24,1,0
BRDA:141,25,0,2
BRDA:141,25,1,0
BRF:55
BRH:34
end_of_record
TN:
SF:src\utils\normalizeProduct.js
FN:2,(anonymous_0)
FN:50,(anonymous_1)
FN:54,(anonymous_2)
FN:58,(anonymous_3)
FN:71,(anonymous_4)
FN:79,(anonymous_5)
FNF:6
FNH:6
FNDA:55,(anonymous_0)
FNDA:8,(anonymous_1)
FNDA:3,(anonymous_2)
FNDA:93,(anonymous_3)
FNDA:55,(anonymous_4)
FNDA:89,(anonymous_5)
DA:2,55
DA:5,11
DA:50,11
DA:51,8
DA:52,8
DA:54,3
DA:55,8
DA:58,11
DA:59,93
DA:60,79
DA:62,79
DA:63,78
DA:64,78
DA:65,77
DA:66,77
DA:67,77
DA:68,75
DA:71,11
DA:72,55
DA:73,55
DA:74,55
DA:75,55
DA:76,55
DA:77,55
DA:78,55
DA:79,89
LF:26
LH:26
BRDA:2,0,0,55
BRDA:2,0,1,0
BRDA:2,1,0,55
BRDA:2,1,1,55
BRDA:2,2,0,0
BRDA:2,2,1,0
BRDA:50,3,0,0
BRDA:52,4,0,7
BRDA:52,4,1,1
BRDA:54,5,0,3
BRDA:54,5,1,0
BRDA:59,6,0,14
BRDA:59,6,1,79
BRDA:59,7,0,93
BRDA:59,7,1,93
BRDA:62,8,0,1
BRDA:62,8,1,78
BRDA:63,9,0,0
BRDA:63,9,1,78
BRDA:64,10,0,1
BRDA:64,10,1,77
BRDA:64,11,0,78
BRDA:64,11,1,78
BRDA:65,12,0,0
BRDA:65,12,1,77
BRDA:66,13,0,0
BRDA:66,13,1,77
BRDA:67,14,0,2
BRDA:67,14,1,75
BRDA:71,15,0,0
BRDA:72,16,0,0
BRDA:72,16,1,55
BRF:32
BRH:22
end_of_record
TN:
SF:src\utils\ocrClient.js
FN:4,extractTextFromImageFile
FN:8,(anonymous_1)
FN:15,sendOcrToProxy
FN:25,(anonymous_3)
FNF:4
FNH:2
FNDA:1,extractTextFromImageFile
FNDA:0,(anonymous_1)
FNDA:2,sendOcrToProxy
FNDA:0,(anonymous_3)
DA:5,1
DA:6,1
DA:7,1
DA:8,1
DA:9,1
DA:12,3
DA:16,2
DA:17,2
DA:18,2
DA:19,2
DA:24,2
DA:25,1
DA:26,1
DA:28,1
LF:14
LH:14
BRDA:4,0,0,1
BRDA:5,1,0,0
BRDA:5,1,1,1
BRDA:5,2,0,1
BRDA:5,2,1,1
BRDA:7,3,0,1
BRDA:7,3,1,0
BRDA:9,4,0,1
BRDA:9,4,1,0
BRDA:12,5,0,3
BRDA:12,5,1,3
BRDA:12,5,2,3
BRDA:12,5,3,3
BRDA:16,6,0,0
BRDA:16,6,1,2
BRDA:16,7,0,2
BRDA:16,7,1,2
BRDA:18,8,0,0
BRDA:18,8,1,2
BRDA:24,9,0,1
BRDA:24,9,1,1
BRF:21
BRH:16
end_of_record
TN:
SF:src\utils\showToast.js
FN:4,(anonymous_0)
FN:11,(anonymous_1)
FN:24,(anonymous_2)
FN:29,(anonymous_3)
FNF:4
FNH:4
FNDA:1,(anonymous_0)
FNDA:1,(anonymous_1)
FNDA:1,(anonymous_2)
FNDA:1,(anonymous_3)
DA:1,1
DA:2,1
DA:4,1
DA:5,1
DA:6,1
DA:7,0
DA:8,0
DA:11,1
DA:12,1
DA:13,0
DA:16,1
DA:17,1
DA:18,1
DA:19,1
DA:20,1
DA:21,1
DA:24,1
DA:25,1
DA:26,1
DA:29,1
DA:30,1
DA:32,1
DA:33,1
DA:34,1
DA:36,1
DA:37,0
DA:40,1
LF:27
LH:23
BRDA:4,0,0,0
BRDA:5,1,0,0
BRDA:5,1,1,1
BRDA:6,2,0,1
BRDA:6,2,1,0
BRDA:7,3,0,0
BRDA:7,3,1,0
BRDA:7,4,0,0
BRDA:7,4,1,0
BRDA:12,5,0,0
BRDA:12,5,1,1
BRDA:12,6,0,1
BRDA:12,6,1,0
BRDA:25,7,0,0
BRDA:25,7,1,1
BRDA:29,8,0,0
BRDA:29,9,0,0
BRDA:29,10,0,0
BRDA:29,11,0,1
BRDA:30,12,0,0
BRDA:30,12,1,1
BRDA:36,13,0,0
BRDA:36,13,1,1
BRF:23
BRH:8
end_of_record
TN:
SF:src\utils\voiceParser.js
FN:16,normalizeUnidade
FN:32,parseVoiceInput
FN:40,(anonymous_2)
FNF:3
FNH:3
FNDA:13,normalizeUnidade
FNDA:26,parseVoiceInput
FNDA:800,(anonymous_2)
DA:5,5
DA:17,13
DA:18,13
DA:19,6
DA:20,6
DA:21,6
DA:22,6
DA:23,4
DA:24,3
DA:25,1
DA:26,1
DA:29,5
DA:30,5
DA:33,26
DA:34,1
DA:37,25
DA:40,25
DA:41,800
DA:45,25
DA:48,25
DA:54,25
DA:59,25
DA:60,25
DA:63,25
DA:67,25
DA:69,25
DA:71,25
DA:72,13
DA:73,13
DA:76,25
DA:77,14
DA:78,14
DA:79,14
DA:81,11
DA:82,0
DA:86,25
DA:87,25
DA:88,14
DA:89,11
DA:90,0
DA:93,25
DA:99,25
DA:100,21
DA:101,21
DA:104,25
DA:105,25
LF:46
LH:44
BRDA:18,0,0,7
BRDA:18,0,1,6
BRDA:19,1,0,0
BRDA:19,1,1,6
BRDA:20,2,0,0
BRDA:20,2,1,6
BRDA:21,3,0,0
BRDA:21,3,1,6
BRDA:22,4,0,2
BRDA:22,4,1,4
BRDA:23,5,0,1
BRDA:23,5,1,3
BRDA:24,6,0,2
BRDA:24,6,1,1
BRDA:25,7,0,0
BRDA:25,7,1,1
BRDA:33,8,0,1
BRDA:33,8,1,25
BRDA:33,9,0,26
BRDA:33,9,1,25
BRDA:60,10,0,13
BRDA:60,10,1,12
BRDA:67,11,0,12
BRDA:67,11,1,13
BRDA:71,12,0,13
BRDA:71,12,1,12
BRDA:76,13,0,14
BRDA:76,13,1,11
BRDA:78,14,0,14
BRDA:78,14,1,0
BRDA:78,15,0,14
BRDA:78,15,1,4
BRDA:81,16,0,0
BRDA:81,16,1,11
BRDA:87,17,0,14
BRDA:87,17,1,11
BRDA:87,18,0,25
BRDA:87,18,1,14
BRDA:89,19,0,0
BRDA:89,19,1,11
BRDA:89,20,0,11
BRDA:89,20,1,0
BRDA:99,21,0,21
BRDA:99,21,1,4
BRDA:104,22,0,25
BRDA:104,22,1,12
BRF:46
BRH:38
end_of_record
TN:
SF:src\utils\voiceStrictParser.js
FN:21,validateVoicePhrase
FN:34,(anonymous_1)
FN:54,getVoiceErrorFeedback
FNF:3
FNH:0
FNDA:0,validateVoicePhrase
FNDA:0,(anonymous_1)
FNDA:0,getVoiceErrorFeedback
DA:12,9
DA:13,9
DA:14,9
DA:22,0
DA:23,0
DA:26,0
DA:29,0
DA:30,0
DA:31,0
DA:34,0
DA:36,0
DA:37,0
DA:44,0
DA:48,0
DA:55,0
LF:15
LH:3
BRDA:22,0,0,0
BRDA:22,0,1,0
BRDA:22,1,0,0
BRDA:22,1,1,0
BRDA:36,2,0,0
BRDA:36,2,1,0
BRDA:44,3,0,0
BRDA:44,3,1,0
BRDA:44,3,2,0
BRF:9
BRH:0
end_of_record
